#-----------------------------------------------------------
# Vivado v2024.2 (64-bit)
# SW Build 5239630 on Fri Nov 08 22:35:27 MST 2024
# IP Build 5239520 on Sun Nov 10 16:12:51 MST 2024
# SharedData Build 5239561 on Fri Nov 08 14:39:27 MST 2024
# Start of session at: Thu Apr 30 13:41:15 2026
# Process ID         : 10768
# Current directory  : D:/bi ging ghi li/CNN_AGAiN
# Command line       : vivado.exe -gui_launcher_event rodinguilauncherevent11968 D:\bi ging ghi li\CNN_AGAiN\CNN_AGAiN.xpr
# Log file           : D:/bi ging ghi li/CNN_AGAiN/vivado.log
# Journal file       : D:/bi ging ghi li/CNN_AGAiN\vivado.jou
# Running On         : WIN-PRO
# Platform           : Windows Server 2016 or Windows 10
# Operating System   : 19045
# Processor Detail   : Intel(R) Core(TM) i5-7200U CPU @ 2.50GHz
# CPU Frequency      : 2712 MHz
# CPU Physical cores : 2
# CPU Logical cores  : 4
# Host memory        : 17037 MB
# Swap memory        : 1073 MB
# Total Virtual      : 18110 MB
# Available Virtual  : 5105 MB
#-----------------------------------------------------------
start_gui
open_project {D:/bi ging ghi li/CNN_AGAiN/CNN_AGAiN.xpr}
WARNING: [Board 49-26] cannot add Board Part xilinx.com:vek280_es:part0:1.0 available at E:/Vivado/2024.2/data/xhub/boards/XilinxBoardStore/boards/Xilinx/vek280/es/rev_a/1.0/board.xml as part xcve2802-vsvh1760-2lp-e-s-es1 specified in board_part file is either invalid or not available
WARNING: [Board 49-26] cannot add Board Part xilinx.com:vek280_es:part0:1.1 available at E:/Vivado/2024.2/data/xhub/boards/XilinxBoardStore/boards/Xilinx/vek280/es/rev_a/1.1/board.xml as part xcve2802-vsvh1760-2lp-e-s-es1 specified in board_part file is either invalid or not available
WARNING: [Board 49-26] cannot add Board Part xilinx.com:vek280_es_revb:part0:1.0 available at E:/Vivado/2024.2/data/xhub/boards/XilinxBoardStore/boards/Xilinx/vek280/es/rev_b/1.0/board.xml as part xcve2802-vsvh1760-2mp-e-s-es1 specified in board_part file is either invalid or not available
WARNING: [Board 49-26] cannot add Board Part xilinx.com:vek280_es_revb:part0:1.1 available at E:/Vivado/2024.2/data/xhub/boards/XilinxBoardStore/boards/Xilinx/vek280/es/rev_b/1.1/board.xml as part xcve2802-vsvh1760-2mp-e-s-es1 specified in board_part file is either invalid or not available
WARNING: [Board 49-26] cannot add Board Part xilinx.com:zcu208ld:part0:2.0 available at E:/Vivado/2024.2/data/xhub/boards/XilinxBoardStore/boards/Xilinx/zcu208ld/production/2.0/board.xml as part xczu58dr-fsvg1517-2-i specified in board_part file is either invalid or not available
WARNING: [Board 49-26] cannot add Board Part xilinx.com:zcu216ld:part0:2.0 available at E:/Vivado/2024.2/data/xhub/boards/XilinxBoardStore/boards/Xilinx/zcu216ld/production/2.0/board.xml as part xczu59dr-ffvf1760-2-i specified in board_part file is either invalid or not available
WARNING: [Board 49-26] cannot add Board Part xilinx.com:zcu670ld:part0:1.0 available at E:/Vivado/2024.2/data/xhub/boards/XilinxBoardStore/boards/Xilinx/zcu670ld/1.0/board.xml as part xczu57dr-fsve1156-2-i specified in board_part file is either invalid or not available
INFO: [filemgmt 56-3] Default IP Output Path : Could not find the directory 'D:/bi ging ghi li/CNN_AGAiN/CNN_AGAiN.gen/sources_1'.
Scanning sources...
Finished scanning sources
INFO: [IP_Flow 19-234] Refreshing IP repositories
INFO: [IP_Flow 19-1704] No user IP repositories specified
INFO: [IP_Flow 19-2313] Loaded Vivado IP repository 'E:/Vivado/2024.2/data/ip'.
open_project: Time (s): cpu = 00:00:56 ; elapsed = 00:00:31 . Memory (MB): peak = 1630.984 ; gain = 400.438
update_compile_order -fileset sources_1
remove_files  {{D:/bi ging ghi li/CNN_rework/CNN_rework.srcs/sources_1/new/cnn1D_core_top.sv} {D:/bi ging ghi li/CNN_rework/CNN_rework.srcs/sources_1/new/accumulator.sv} {D:/bi ging ghi li/CNN_rework/CNN_rework.srcs/sources_1/new/bias_scale.sv} {D:/bi ging ghi li/CNN_rework/CNN_rework.srcs/sources_1/new/line_buffer1d.sv} {D:/bi ging ghi li/CNN_rework/CNN_rework.srcs/sources_1/new/loop_counter.sv} {D:/bi ging ghi li/CNN_rework/CNN_rework.srcs/sources_1/new/quanitize.sv} {D:/bi ging ghi li/CNN_rework/CNN_rework.srcs/sources_1/new/residual.sv} {D:/bi ging ghi li/CNN_rework/CNN_rework.srcs/sources_1/new/title_scheduler.sv} {D:/bi ging ghi li/CNN_rework/CNN_rework.srcs/sources_1/new/weight_rf.sv} {D:/bi ging ghi li/CNN_rework/CNN_rework.srcs/sources_1/new/window_gen.sv}}
update_compile_order -fileset sources_1
remove_files  {{D:/bi ging ghi li/CNN_rework/CNN_rework.srcs/sources_1/new/write_back.sv} {D:/bi ging ghi li/CNN_rework/CNN_rework.srcs/sources_1/new/weight_sram_bank.sv} {D:/bi ging ghi li/CNN_rework/CNN_rework.srcs/sources_1/new/weight_addr_gen.sv} {D:/bi ging ghi li/CNN_rework/CNN_rework.srcs/sources_1/new/requanitize.sv} {D:/bi ging ghi li/CNN_rework/CNN_rework.srcs/sources_1/new/padding.sv} {D:/bi ging ghi li/CNN_rework/CNN_rework.srcs/sources_1/new/ofm_pingpong_bank.sv} {D:/bi ging ghi li/CNN_rework/CNN_rework.srcs/sources_1/new/ofm_addr_gen.sv} {D:/bi ging ghi li/CNN_rework/CNN_rework.srcs/sources_1/new/maxpool1D.sv} {D:/bi ging ghi li/CNN_rework/CNN_rework.srcs/sources_1/new/layer_desc.sv} {D:/bi ging ghi li/CNN_rework/CNN_rework.srcs/sources_1/new/ifm_pingpong_bank.sv} {D:/bi ging ghi li/CNN_rework/CNN_rework.srcs/sources_1/new/ifm_addr_gen.sv} {D:/bi ging ghi li/CNN_rework/CNN_rework.srcs/sources_1/new/cnn1d_controller.sv} {D:/bi ging ghi li/CNN_rework/CNN_rework.srcs/sources_1/new/bias_scale_bank.sv} {D:/bi ging ghi li/CNN_rework/CNN_rework.srcs/sources_1/new/bank_loader.sv} {D:/bi ging ghi li/CNN_rework/CNN_rework.srcs/sources_1/new/bank_arbiter.sv} {D:/bi ging ghi li/CNN_rework/CNN_rework.srcs/sources_1/new/activation_relu.sv} {D:/bi ging ghi li/CNN_rework/CNN_rework.srcs/sources_1/new/pe_array.sv}}
update_compile_order -fileset sources_1
remove_files  {{D:/bi ging ghi li/CNN_rework/CNN_rework.srcs/sources_1/new/adder_tree_1D.sv} {D:/bi ging ghi li/CNN_rework/CNN_rework.srcs/sources_1/new/pe_lane.sv}}
remove_files  {{D:/bi ging ghi li/CNN_rework/CNN_rework.srcs/sources_1/new/mac_int8.sv}}
add_files -norecurse -scan_for_includes {{D:/bi ging ghi li/CNN_rework/CNN_rework.srcs/sources_1/new/activation_relu.sv} {D:/bi ging ghi li/CNN_rework/CNN_rework.srcs/sources_1/new/title_scheduler.sv} {D:/bi ging ghi li/CNN_rework/CNN_rework.srcs/sources_1/new/ifm_pingpong_bank.sv} {D:/bi ging ghi li/CNN_rework/CNN_rework.srcs/sources_1/new/padding.sv} {D:/bi ging ghi li/CNN_rework/CNN_rework.srcs/sources_1/new/weight_addr_gen.sv} {D:/bi ging ghi li/CNN_rework/CNN_rework.srcs/sources_1/new/accumulator.sv} {D:/bi ging ghi li/CNN_rework/CNN_rework.srcs/sources_1/new/pe_lane.sv} {D:/bi ging ghi li/CNN_rework/CNN_rework.srcs/sources_1/new/window_gen.sv} {D:/bi ging ghi li/CNN_rework/CNN_rework.srcs/sources_1/new/bias_scale.sv} {D:/bi ging ghi li/CNN_rework/CNN_rework.srcs/sources_1/new/residual.sv} {D:/bi ging ghi li/CNN_rework/CNN_rework.srcs/sources_1/new/bank_loader.sv} {D:/bi ging ghi li/CNN_rework/CNN_rework.srcs/sources_1/new/layer_desc.sv} {D:/bi ging ghi li/CNN_rework/CNN_rework.srcs/sources_1/new/write_back.sv} {D:/bi ging ghi li/CNN_rework/CNN_rework.srcs/sources_1/new/adder_tree_1D.sv} {D:/bi ging ghi li/CNN_rework/CNN_rework.srcs/sources_1/new/ifm_addr_gen.sv} {D:/bi ging ghi li/CNN_rework/CNN_rework.srcs/sources_1/new/mac_int8.sv} {D:/bi ging ghi li/CNN_rework/CNN_rework.srcs/sources_1/new/maxpool1D.sv} {D:/bi ging ghi li/CNN_rework/CNN_rework.srcs/sources_1/new/pe_array.sv} {D:/bi ging ghi li/CNN_rework/CNN_rework.srcs/sources_1/new/weight_sram_bank.sv} {D:/bi ging ghi li/CNN_rework/CNN_rework.srcs/sources_1/new/ofm_addr_gen.sv} {D:/bi ging ghi li/CNN_rework/CNN_rework.srcs/sources_1/new/bias_scale_bank.sv} {D:/bi ging ghi li/CNN_rework/CNN_rework.srcs/sources_1/new/loop_counter.sv} {D:/bi ging ghi li/CNN_rework/CNN_rework.srcs/sources_1/new/cnn1d_controller.sv} {D:/bi ging ghi li/CNN_rework/CNN_rework.srcs/sources_1/new/ofm_pingpong_bank.sv} {D:/bi ging ghi li/CNN_rework/CNN_rework.srcs/sources_1/new/cnn1D_core_top.sv} {D:/bi ging ghi li/CNN_rework/CNN_rework.srcs/sources_1/new/weight_rf.sv} {D:/bi ging ghi li/CNN_rework/CNN_rework.srcs/sources_1/new/line_buffer1d.sv} {D:/bi ging ghi li/CNN_rework/CNN_rework.srcs/sources_1/new/quanitize.sv} {D:/bi ging ghi li/CNN_rework/CNN_rework.srcs/sources_1/new/requanitize.sv} {D:/bi ging ghi li/CNN_rework/CNN_rework.srcs/sources_1/new/bank_arbiter.sv}}
import_files -norecurse {{D:/bi ging ghi li/CNN_rework/CNN_rework.srcs/sources_1/new/activation_relu.sv} {D:/bi ging ghi li/CNN_rework/CNN_rework.srcs/sources_1/new/title_scheduler.sv} {D:/bi ging ghi li/CNN_rework/CNN_rework.srcs/sources_1/new/ifm_pingpong_bank.sv} {D:/bi ging ghi li/CNN_rework/CNN_rework.srcs/sources_1/new/padding.sv} {D:/bi ging ghi li/CNN_rework/CNN_rework.srcs/sources_1/new/weight_addr_gen.sv} {D:/bi ging ghi li/CNN_rework/CNN_rework.srcs/sources_1/new/accumulator.sv} {D:/bi ging ghi li/CNN_rework/CNN_rework.srcs/sources_1/new/pe_lane.sv} {D:/bi ging ghi li/CNN_rework/CNN_rework.srcs/sources_1/new/window_gen.sv} {D:/bi ging ghi li/CNN_rework/CNN_rework.srcs/sources_1/new/bias_scale.sv} {D:/bi ging ghi li/CNN_rework/CNN_rework.srcs/sources_1/new/residual.sv} {D:/bi ging ghi li/CNN_rework/CNN_rework.srcs/sources_1/new/bank_loader.sv} {D:/bi ging ghi li/CNN_rework/CNN_rework.srcs/sources_1/new/layer_desc.sv} {D:/bi ging ghi li/CNN_rework/CNN_rework.srcs/sources_1/new/write_back.sv} {D:/bi ging ghi li/CNN_rework/CNN_rework.srcs/sources_1/new/adder_tree_1D.sv} {D:/bi ging ghi li/CNN_rework/CNN_rework.srcs/sources_1/new/ifm_addr_gen.sv} {D:/bi ging ghi li/CNN_rework/CNN_rework.srcs/sources_1/new/mac_int8.sv} {D:/bi ging ghi li/CNN_rework/CNN_rework.srcs/sources_1/new/maxpool1D.sv} {D:/bi ging ghi li/CNN_rework/CNN_rework.srcs/sources_1/new/pe_array.sv} {D:/bi ging ghi li/CNN_rework/CNN_rework.srcs/sources_1/new/weight_sram_bank.sv} {D:/bi ging ghi li/CNN_rework/CNN_rework.srcs/sources_1/new/ofm_addr_gen.sv} {D:/bi ging ghi li/CNN_rework/CNN_rework.srcs/sources_1/new/bias_scale_bank.sv} {D:/bi ging ghi li/CNN_rework/CNN_rework.srcs/sources_1/new/loop_counter.sv} {D:/bi ging ghi li/CNN_rework/CNN_rework.srcs/sources_1/new/cnn1d_controller.sv} {D:/bi ging ghi li/CNN_rework/CNN_rework.srcs/sources_1/new/ofm_pingpong_bank.sv} {D:/bi ging ghi li/CNN_rework/CNN_rework.srcs/sources_1/new/cnn1D_core_top.sv} {D:/bi ging ghi li/CNN_rework/CNN_rework.srcs/sources_1/new/weight_rf.sv} {D:/bi ging ghi li/CNN_rework/CNN_rework.srcs/sources_1/new/line_buffer1d.sv} {D:/bi ging ghi li/CNN_rework/CNN_rework.srcs/sources_1/new/quanitize.sv} {D:/bi ging ghi li/CNN_rework/CNN_rework.srcs/sources_1/new/requanitize.sv} {D:/bi ging ghi li/CNN_rework/CNN_rework.srcs/sources_1/new/bank_arbiter.sv}}
update_compile_order -fileset sources_1
update_compile_order -fileset sources_1
file mkdir D:/bi ging ghi li/CNN_AGAiN/CNN_AGAiN.srcs/sources_1/new
file mkdir D:/bi ging ghi li/CNN_AGAiN/CNN_AGAiN.srcs/sources_1/new
file mkdir D:/bi ging ghi li/CNN_AGAiN/CNN_AGAiN.srcs/sources_1/new
file mkdir D:/bi ging ghi li/CNN_AGAiN/CNN_AGAiN.srcs/sources_1/new
file mkdir D:/bi ging ghi li/CNN_AGAiN/CNN_AGAiN.srcs/sources_1/new
file mkdir D:/bi ging ghi li/CNN_AGAiN/CNN_AGAiN.srcs/sources_1/new
file mkdir {D:/bi ging ghi li/CNN_AGAiN/CNN_AGAiN.srcs/sources_1/new}
close [ open {D:/bi ging ghi li/CNN_AGAiN/CNN_AGAiN.srcs/sources_1/new/tdp_bram_1clk.sv} w ]
add_files {{D:/bi ging ghi li/CNN_AGAiN/CNN_AGAiN.srcs/sources_1/new/tdp_bram_1clk.sv}}
update_compile_order -fileset sources_1
WARNING: [filemgmt 56-199] Attempt to get parsing info during refresh. "On-the-fly" syntax checking information may be incorrect. [D:\bi ging ghi li\CNN_AGAiN\CNN_AGAiN.srcs\sources_1\new\tdp_bram_1clk.sv:]
WARNING: [filemgmt 56-199] Attempt to get parsing info during refresh. "On-the-fly" syntax checking information may be incorrect. [D:\bi ging ghi li\CNN_AGAiN\CNN_AGAiN.srcs\sources_1\imports\new\cnn1D_core_top.sv:]
WARNING: [filemgmt 56-199] Attempt to get parsing info during refresh. "On-the-fly" syntax checking information may be incorrect. [D:\bi ging ghi li\CNN_AGAiN\CNN_AGAiN.srcs\sources_1\imports\new\cnn1D_core_top.sv:]
WARNING: [filemgmt 56-199] Attempt to get parsing info during refresh. "On-the-fly" syntax checking information may be incorrect. [D:\bi ging ghi li\CNN_AGAiN\CNN_AGAiN.srcs\sources_1\imports\new\cnn1D_core_top.sv:]
ERROR: [Common 17-180] Spawn failed: No error
WARNING: [filemgmt 56-199] Attempt to get parsing info during refresh. "On-the-fly" syntax checking information may be incorrect. [D:\bi ging ghi li\CNN_AGAiN\CNN_AGAiN.srcs\sources_1\new\tdp_bram_1clk.sv:]
WARNING: [filemgmt 56-199] Attempt to get parsing info during refresh. "On-the-fly" syntax checking information may be incorrect. [D:\bi ging ghi li\CNN_AGAiN\CNN_AGAiN.srcs\sources_1\imports\new\ifm_addr_gen.sv:]
WARNING: [filemgmt 56-199] Attempt to get parsing info during refresh. "On-the-fly" syntax checking information may be incorrect. [D:\bi ging ghi li\CNN_AGAiN\CNN_AGAiN.srcs\sources_1\imports\new\ifm_pingpong_bank.sv:]
WARNING: [filemgmt 56-199] Attempt to get parsing info during refresh. "On-the-fly" syntax checking information may be incorrect. [D:\bi ging ghi li\CNN_AGAiN\CNN_AGAiN.srcs\sources_1\imports\new\ofm_pingpong_bank.sv:]
WARNING: [filemgmt 56-199] Attempt to get parsing info during refresh. "On-the-fly" syntax checking information may be incorrect. [D:\bi ging ghi li\CNN_AGAiN\CNN_AGAiN.srcs\sources_1\imports\new\cnn1D_core_top.sv:]
WARNING: [filemgmt 56-199] Attempt to get parsing info during refresh. "On-the-fly" syntax checking information may be incorrect. [D:\bi ging ghi li\CNN_AGAiN\CNN_AGAiN.srcs\sources_1\new\tdp_bram_1clk.sv:]
WARNING: [filemgmt 56-199] Attempt to get parsing info during refresh. "On-the-fly" syntax checking information may be incorrect. [D:\bi ging ghi li\CNN_AGAiN\CNN_AGAiN.srcs\sources_1\new\tdp_bram_1clk.sv:]
WARNING: [filemgmt 56-199] Attempt to get parsing info during refresh. "On-the-fly" syntax checking information may be incorrect. [D:\bi ging ghi li\CNN_AGAiN\CNN_AGAiN.srcs\sources_1\new\tdp_bram_1clk.sv:]
WARNING: [filemgmt 56-199] Attempt to get parsing info during refresh. "On-the-fly" syntax checking information may be incorrect. [D:\bi ging ghi li\CNN_AGAiN\CNN_AGAiN.srcs\sources_1\imports\new\ifm_addr_gen.sv:]
WARNING: [filemgmt 56-199] Attempt to get parsing info during refresh. "On-the-fly" syntax checking information may be incorrect. [D:\bi ging ghi li\CNN_AGAiN\CNN_AGAiN.srcs\sources_1\imports\new\ifm_pingpong_bank.sv:]
WARNING: [filemgmt 56-199] Attempt to get parsing info during refresh. "On-the-fly" syntax checking information may be incorrect. [D:\bi ging ghi li\CNN_AGAiN\CNN_AGAiN.srcs\sources_1\imports\new\ofm_pingpong_bank.sv:]
WARNING: [filemgmt 56-199] Attempt to get parsing info during refresh. "On-the-fly" syntax checking information may be incorrect. [D:\bi ging ghi li\CNN_AGAiN\CNN_AGAiN.srcs\sources_1\imports\new\cnn1D_core_top.sv:]
WARNING: [filemgmt 56-199] Attempt to get parsing info during refresh. "On-the-fly" syntax checking information may be incorrect. [D:\bi ging ghi li\CNN_AGAiN\CNN_AGAiN.srcs\sources_1\imports\new\ifm_pingpong_bank.sv:]
WARNING: [filemgmt 56-199] Attempt to get parsing info during refresh. "On-the-fly" syntax checking information may be incorrect. [D:\bi ging ghi li\CNN_AGAiN\CNN_AGAiN.srcs\sources_1\imports\new\ifm_pingpong_bank.sv:]
WARNING: [filemgmt 56-199] Attempt to get parsing info during refresh. "On-the-fly" syntax checking information may be incorrect. [D:\bi ging ghi li\CNN_AGAiN\CNN_AGAiN.srcs\sources_1\new\tdp_bram_1clk.sv:]
WARNING: [filemgmt 56-199] Attempt to get parsing info during refresh. "On-the-fly" syntax checking information may be incorrect. [D:\bi ging ghi li\CNN_AGAiN\CNN_AGAiN.srcs\sources_1\imports\new\ifm_addr_gen.sv:]
WARNING: [filemgmt 56-199] Attempt to get parsing info during refresh. "On-the-fly" syntax checking information may be incorrect. [D:\bi ging ghi li\CNN_AGAiN\CNN_AGAiN.srcs\sources_1\imports\new\ifm_pingpong_bank.sv:]
WARNING: [filemgmt 56-199] Attempt to get parsing info during refresh. "On-the-fly" syntax checking information may be incorrect. [D:\bi ging ghi li\CNN_AGAiN\CNN_AGAiN.srcs\sources_1\imports\new\ofm_pingpong_bank.sv:]
WARNING: [filemgmt 56-199] Attempt to get parsing info during refresh. "On-the-fly" syntax checking information may be incorrect. [D:\bi ging ghi li\CNN_AGAiN\CNN_AGAiN.srcs\sources_1\imports\new\cnn1D_core_top.sv:]
WARNING: [filemgmt 56-199] Attempt to get parsing info during refresh. "On-the-fly" syntax checking information may be incorrect. [D:\bi ging ghi li\CNN_AGAiN\CNN_AGAiN.srcs\sources_1\imports\new\ifm_addr_gen.sv:]
WARNING: [filemgmt 56-199] Attempt to get parsing info during refresh. "On-the-fly" syntax checking information may be incorrect. [D:\bi ging ghi li\CNN_AGAiN\CNN_AGAiN.srcs\sources_1\imports\new\ifm_addr_gen.sv:]
WARNING: [filemgmt 56-199] Attempt to get parsing info during refresh. "On-the-fly" syntax checking information may be incorrect. [D:\bi ging ghi li\CNN_AGAiN\CNN_AGAiN.srcs\sources_1\new\tdp_bram_1clk.sv:]
WARNING: [filemgmt 56-199] Attempt to get parsing info during refresh. "On-the-fly" syntax checking information may be incorrect. [D:\bi ging ghi li\CNN_AGAiN\CNN_AGAiN.srcs\sources_1\imports\new\ifm_addr_gen.sv:]
WARNING: [filemgmt 56-199] Attempt to get parsing info during refresh. "On-the-fly" syntax checking information may be incorrect. [D:\bi ging ghi li\CNN_AGAiN\CNN_AGAiN.srcs\sources_1\imports\new\ifm_pingpong_bank.sv:]
WARNING: [filemgmt 56-199] Attempt to get parsing info during refresh. "On-the-fly" syntax checking information may be incorrect. [D:\bi ging ghi li\CNN_AGAiN\CNN_AGAiN.srcs\sources_1\imports\new\ofm_pingpong_bank.sv:]
WARNING: [filemgmt 56-199] Attempt to get parsing info during refresh. "On-the-fly" syntax checking information may be incorrect. [D:\bi ging ghi li\CNN_AGAiN\CNN_AGAiN.srcs\sources_1\imports\new\cnn1D_core_top.sv:]
WARNING: [filemgmt 56-199] Attempt to get parsing info during refresh. "On-the-fly" syntax checking information may be incorrect. [D:\bi ging ghi li\CNN_AGAiN\CNN_AGAiN.srcs\sources_1\imports\new\ofm_pingpong_bank.sv:]
WARNING: [filemgmt 56-199] Attempt to get parsing info during refresh. "On-the-fly" syntax checking information may be incorrect. [D:\bi ging ghi li\CNN_AGAiN\CNN_AGAiN.srcs\sources_1\imports\new\ofm_pingpong_bank.sv:]
WARNING: [filemgmt 56-199] Attempt to get parsing info during refresh. "On-the-fly" syntax checking information may be incorrect. [D:\bi ging ghi li\CNN_AGAiN\CNN_AGAiN.srcs\sources_1\new\tdp_bram_1clk.sv:]
WARNING: [filemgmt 56-199] Attempt to get parsing info during refresh. "On-the-fly" syntax checking information may be incorrect. [D:\bi ging ghi li\CNN_AGAiN\CNN_AGAiN.srcs\sources_1\imports\new\ifm_addr_gen.sv:]
WARNING: [filemgmt 56-199] Attempt to get parsing info during refresh. "On-the-fly" syntax checking information may be incorrect. [D:\bi ging ghi li\CNN_AGAiN\CNN_AGAiN.srcs\sources_1\imports\new\ifm_pingpong_bank.sv:]
WARNING: [filemgmt 56-199] Attempt to get parsing info during refresh. "On-the-fly" syntax checking information may be incorrect. [D:\bi ging ghi li\CNN_AGAiN\CNN_AGAiN.srcs\sources_1\imports\new\ofm_pingpong_bank.sv:]
WARNING: [filemgmt 56-199] Attempt to get parsing info during refresh. "On-the-fly" syntax checking information may be incorrect. [D:\bi ging ghi li\CNN_AGAiN\CNN_AGAiN.srcs\sources_1\imports\new\cnn1D_core_top.sv:]
WARNING: [filemgmt 56-199] Attempt to get parsing info during refresh. "On-the-fly" syntax checking information may be incorrect. [D:\bi ging ghi li\CNN_AGAiN\CNN_AGAiN.srcs\sources_1\imports\new\cnn1D_core_top.sv:]
WARNING: [filemgmt 56-199] Attempt to get parsing info during refresh. "On-the-fly" syntax checking information may be incorrect. [D:\bi ging ghi li\CNN_AGAiN\CNN_AGAiN.srcs\sources_1\imports\new\cnn1D_core_top.sv:]
WARNING: [filemgmt 56-199] Attempt to get parsing info during refresh. "On-the-fly" syntax checking information may be incorrect. [D:\bi ging ghi li\CNN_AGAiN\CNN_AGAiN.srcs\sources_1\new\tdp_bram_1clk.sv:]
WARNING: [filemgmt 56-199] Attempt to get parsing info during refresh. "On-the-fly" syntax checking information may be incorrect. [D:\bi ging ghi li\CNN_AGAiN\CNN_AGAiN.srcs\sources_1\imports\new\ifm_addr_gen.sv:]
WARNING: [filemgmt 56-199] Attempt to get parsing info during refresh. "On-the-fly" syntax checking information may be incorrect. [D:\bi ging ghi li\CNN_AGAiN\CNN_AGAiN.srcs\sources_1\imports\new\ifm_pingpong_bank.sv:]
WARNING: [filemgmt 56-199] Attempt to get parsing info during refresh. "On-the-fly" syntax checking information may be incorrect. [D:\bi ging ghi li\CNN_AGAiN\CNN_AGAiN.srcs\sources_1\imports\new\ofm_pingpong_bank.sv:]
WARNING: [filemgmt 56-199] Attempt to get parsing info during refresh. "On-the-fly" syntax checking information may be incorrect. [D:\bi ging ghi li\CNN_AGAiN\CNN_AGAiN.srcs\sources_1\imports\new\cnn1D_core_top.sv:]
WARNING: [filemgmt 56-199] Attempt to get parsing info during refresh. "On-the-fly" syntax checking information may be incorrect. [D:\bi ging ghi li\CNN_AGAiN\CNN_AGAiN.srcs\sources_1\imports\new\ifm_addr_gen.sv:]
WARNING: [filemgmt 56-199] Attempt to get parsing info during refresh. "On-the-fly" syntax checking information may be incorrect. [D:\bi ging ghi li\CNN_AGAiN\CNN_AGAiN.srcs\sources_1\imports\new\ifm_addr_gen.sv:]
WARNING: [filemgmt 56-199] Attempt to get parsing info during refresh. "On-the-fly" syntax checking information may be incorrect. [D:\bi ging ghi li\CNN_AGAiN\CNN_AGAiN.srcs\sources_1\new\tdp_bram_1clk.sv:]
WARNING: [filemgmt 56-199] Attempt to get parsing info during refresh. "On-the-fly" syntax checking information may be incorrect. [D:\bi ging ghi li\CNN_AGAiN\CNN_AGAiN.srcs\sources_1\imports\new\ifm_addr_gen.sv:]
WARNING: [filemgmt 56-199] Attempt to get parsing info during refresh. "On-the-fly" syntax checking information may be incorrect. [D:\bi ging ghi li\CNN_AGAiN\CNN_AGAiN.srcs\sources_1\imports\new\ifm_pingpong_bank.sv:]
WARNING: [filemgmt 56-199] Attempt to get parsing info during refresh. "On-the-fly" syntax checking information may be incorrect. [D:\bi ging ghi li\CNN_AGAiN\CNN_AGAiN.srcs\sources_1\imports\new\ofm_pingpong_bank.sv:]
WARNING: [filemgmt 56-199] Attempt to get parsing info during refresh. "On-the-fly" syntax checking information may be incorrect. [D:\bi ging ghi li\CNN_AGAiN\CNN_AGAiN.srcs\sources_1\imports\new\cnn1D_core_top.sv:]
WARNING: [filemgmt 56-199] Attempt to get parsing info during refresh. "On-the-fly" syntax checking information may be incorrect. [D:\bi ging ghi li\CNN_AGAiN\CNN_AGAiN.srcs\sources_1\imports\new\ofm_pingpong_bank.sv:]
WARNING: [filemgmt 56-199] Attempt to get parsing info during refresh. "On-the-fly" syntax checking information may be incorrect. [D:\bi ging ghi li\CNN_AGAiN\CNN_AGAiN.srcs\sources_1\imports\new\ofm_pingpong_bank.sv:]
WARNING: [filemgmt 56-199] Attempt to get parsing info during refresh. "On-the-fly" syntax checking information may be incorrect. [D:\bi ging ghi li\CNN_AGAiN\CNN_AGAiN.srcs\sources_1\new\tdp_bram_1clk.sv:]
WARNING: [filemgmt 56-199] Attempt to get parsing info during refresh. "On-the-fly" syntax checking information may be incorrect. [D:\bi ging ghi li\CNN_AGAiN\CNN_AGAiN.srcs\sources_1\imports\new\ifm_addr_gen.sv:]
WARNING: [filemgmt 56-199] Attempt to get parsing info during refresh. "On-the-fly" syntax checking information may be incorrect. [D:\bi ging ghi li\CNN_AGAiN\CNN_AGAiN.srcs\sources_1\imports\new\ifm_pingpong_bank.sv:]
WARNING: [filemgmt 56-199] Attempt to get parsing info during refresh. "On-the-fly" syntax checking information may be incorrect. [D:\bi ging ghi li\CNN_AGAiN\CNN_AGAiN.srcs\sources_1\imports\new\ofm_pingpong_bank.sv:]
WARNING: [filemgmt 56-199] Attempt to get parsing info during refresh. "On-the-fly" syntax checking information may be incorrect. [D:\bi ging ghi li\CNN_AGAiN\CNN_AGAiN.srcs\sources_1\imports\new\cnn1D_core_top.sv:]
WARNING: [filemgmt 56-199] Attempt to get parsing info during refresh. "On-the-fly" syntax checking information may be incorrect. [D:\bi ging ghi li\CNN_AGAiN\CNN_AGAiN.srcs\sources_1\new\tdp_bram_1clk.sv:]
WARNING: [filemgmt 56-199] Attempt to get parsing info during refresh. "On-the-fly" syntax checking information may be incorrect. [D:\bi ging ghi li\CNN_AGAiN\CNN_AGAiN.srcs\sources_1\new\tdp_bram_1clk.sv:]
WARNING: [filemgmt 56-199] Attempt to get parsing info during refresh. "On-the-fly" syntax checking information may be incorrect. [D:\bi ging ghi li\CNN_AGAiN\CNN_AGAiN.srcs\sources_1\new\tdp_bram_1clk.sv:]
WARNING: [filemgmt 56-199] Attempt to get parsing info during refresh. "On-the-fly" syntax checking information may be incorrect. [D:\bi ging ghi li\CNN_AGAiN\CNN_AGAiN.srcs\sources_1\imports\new\ifm_addr_gen.sv:]
WARNING: [filemgmt 56-199] Attempt to get parsing info during refresh. "On-the-fly" syntax checking information may be incorrect. [D:\bi ging ghi li\CNN_AGAiN\CNN_AGAiN.srcs\sources_1\imports\new\ifm_pingpong_bank.sv:]
WARNING: [filemgmt 56-199] Attempt to get parsing info during refresh. "On-the-fly" syntax checking information may be incorrect. [D:\bi ging ghi li\CNN_AGAiN\CNN_AGAiN.srcs\sources_1\imports\new\ofm_pingpong_bank.sv:]
WARNING: [filemgmt 56-199] Attempt to get parsing info during refresh. "On-the-fly" syntax checking information may be incorrect. [D:\bi ging ghi li\CNN_AGAiN\CNN_AGAiN.srcs\sources_1\imports\new\cnn1D_core_top.sv:]
WARNING: [filemgmt 56-199] Attempt to get parsing info during refresh. "On-the-fly" syntax checking information may be incorrect. [D:\bi ging ghi li\CNN_AGAiN\CNN_AGAiN.srcs\sources_1\imports\new\cnn1D_core_top.sv:]
WARNING: [filemgmt 56-199] Attempt to get parsing info during refresh. "On-the-fly" syntax checking information may be incorrect. [D:\bi ging ghi li\CNN_AGAiN\CNN_AGAiN.srcs\sources_1\imports\new\cnn1D_core_top.sv:]
update_compile_order -fileset sources_1
WARNING: [filemgmt 56-199] Attempt to get parsing info during refresh. "On-the-fly" syntax checking information may be incorrect. [D:\bi ging ghi li\CNN_AGAiN\CNN_AGAiN.srcs\sources_1\new\tdp_bram_1clk.sv:]
WARNING: [filemgmt 56-199] Attempt to get parsing info during refresh. "On-the-fly" syntax checking information may be incorrect. [D:\bi ging ghi li\CNN_AGAiN\CNN_AGAiN.srcs\sources_1\imports\new\ifm_addr_gen.sv:]
WARNING: [filemgmt 56-199] Attempt to get parsing info during refresh. "On-the-fly" syntax checking information may be incorrect. [D:\bi ging ghi li\CNN_AGAiN\CNN_AGAiN.srcs\sources_1\imports\new\ifm_pingpong_bank.sv:]
WARNING: [filemgmt 56-199] Attempt to get parsing info during refresh. "On-the-fly" syntax checking information may be incorrect. [D:\bi ging ghi li\CNN_AGAiN\CNN_AGAiN.srcs\sources_1\imports\new\ofm_pingpong_bank.sv:]
WARNING: [filemgmt 56-199] Attempt to get parsing info during refresh. "On-the-fly" syntax checking information may be incorrect. [D:\bi ging ghi li\CNN_AGAiN\CNN_AGAiN.srcs\sources_1\imports\new\cnn1D_core_top.sv:]
WARNING: [filemgmt 56-199] Attempt to get parsing info during refresh. "On-the-fly" syntax checking information may be incorrect. [D:\bi ging ghi li\CNN_AGAiN\CNN_AGAiN.srcs\sources_1\new\tdp_bram_1clk.sv:]
WARNING: [filemgmt 56-199] Attempt to get parsing info during refresh. "On-the-fly" syntax checking information may be incorrect. [D:\bi ging ghi li\CNN_AGAiN\CNN_AGAiN.srcs\sources_1\new\tdp_bram_1clk.sv:]
WARNING: [filemgmt 56-199] Attempt to get parsing info during refresh. "On-the-fly" syntax checking information may be incorrect. [D:\bi ging ghi li\CNN_AGAiN\CNN_AGAiN.srcs\sources_1\new\tdp_bram_1clk.sv:]
WARNING: [filemgmt 56-199] Attempt to get parsing info during refresh. "On-the-fly" syntax checking information may be incorrect. [D:\bi ging ghi li\CNN_AGAiN\CNN_AGAiN.srcs\sources_1\imports\new\ifm_addr_gen.sv:]
WARNING: [filemgmt 56-199] Attempt to get parsing info during refresh. "On-the-fly" syntax checking information may be incorrect. [D:\bi ging ghi li\CNN_AGAiN\CNN_AGAiN.srcs\sources_1\imports\new\ifm_pingpong_bank.sv:]
WARNING: [filemgmt 56-199] Attempt to get parsing info during refresh. "On-the-fly" syntax checking information may be incorrect. [D:\bi ging ghi li\CNN_AGAiN\CNN_AGAiN.srcs\sources_1\imports\new\ofm_pingpong_bank.sv:]
WARNING: [filemgmt 56-199] Attempt to get parsing info during refresh. "On-the-fly" syntax checking information may be incorrect. [D:\bi ging ghi li\CNN_AGAiN\CNN_AGAiN.srcs\sources_1\imports\new\cnn1D_core_top.sv:]
WARNING: [filemgmt 56-199] Attempt to get parsing info during refresh. "On-the-fly" syntax checking information may be incorrect. [D:\bi ging ghi li\CNN_AGAiN\CNN_AGAiN.srcs\sources_1\imports\new\ifm_pingpong_bank.sv:]
WARNING: [filemgmt 56-199] Attempt to get parsing info during refresh. "On-the-fly" syntax checking information may be incorrect. [D:\bi ging ghi li\CNN_AGAiN\CNN_AGAiN.srcs\sources_1\imports\new\ifm_pingpong_bank.sv:]
WARNING: [filemgmt 56-199] Attempt to get parsing info during refresh. "On-the-fly" syntax checking information may be incorrect. [D:\bi ging ghi li\CNN_AGAiN\CNN_AGAiN.srcs\sources_1\new\tdp_bram_1clk.sv:]
WARNING: [filemgmt 56-199] Attempt to get parsing info during refresh. "On-the-fly" syntax checking information may be incorrect. [D:\bi ging ghi li\CNN_AGAiN\CNN_AGAiN.srcs\sources_1\imports\new\ifm_addr_gen.sv:]
WARNING: [filemgmt 56-199] Attempt to get parsing info during refresh. "On-the-fly" syntax checking information may be incorrect. [D:\bi ging ghi li\CNN_AGAiN\CNN_AGAiN.srcs\sources_1\imports\new\ifm_pingpong_bank.sv:]
WARNING: [filemgmt 56-199] Attempt to get parsing info during refresh. "On-the-fly" syntax checking information may be incorrect. [D:\bi ging ghi li\CNN_AGAiN\CNN_AGAiN.srcs\sources_1\imports\new\ofm_pingpong_bank.sv:]
WARNING: [filemgmt 56-199] Attempt to get parsing info during refresh. "On-the-fly" syntax checking information may be incorrect. [D:\bi ging ghi li\CNN_AGAiN\CNN_AGAiN.srcs\sources_1\imports\new\cnn1D_core_top.sv:]
WARNING: [filemgmt 56-199] Attempt to get parsing info during refresh. "On-the-fly" syntax checking information may be incorrect. [D:\bi ging ghi li\CNN_AGAiN\CNN_AGAiN.srcs\sources_1\imports\new\weight_sram_bank.sv:]
WARNING: [filemgmt 56-199] Attempt to get parsing info during refresh. "On-the-fly" syntax checking information may be incorrect. [D:\bi ging ghi li\CNN_AGAiN\CNN_AGAiN.srcs\sources_1\new\tdp_bram_1clk.sv:]
WARNING: [filemgmt 56-199] Attempt to get parsing info during refresh. "On-the-fly" syntax checking information may be incorrect. [D:\bi ging ghi li\CNN_AGAiN\CNN_AGAiN.srcs\sources_1\new\tdp_bram_1clk.sv:]
WARNING: [filemgmt 56-199] Attempt to get parsing info during refresh. "On-the-fly" syntax checking information may be incorrect. [D:\bi ging ghi li\CNN_AGAiN\CNN_AGAiN.srcs\sources_1\new\tdp_bram_1clk.sv:]
WARNING: [filemgmt 56-199] Attempt to get parsing info during refresh. "On-the-fly" syntax checking information may be incorrect. [D:\bi ging ghi li\CNN_AGAiN\CNN_AGAiN.srcs\sources_1\imports\new\ifm_addr_gen.sv:]
WARNING: [filemgmt 56-199] Attempt to get parsing info during refresh. "On-the-fly" syntax checking information may be incorrect. [D:\bi ging ghi li\CNN_AGAiN\CNN_AGAiN.srcs\sources_1\imports\new\ifm_pingpong_bank.sv:]
WARNING: [filemgmt 56-199] Attempt to get parsing info during refresh. "On-the-fly" syntax checking information may be incorrect. [D:\bi ging ghi li\CNN_AGAiN\CNN_AGAiN.srcs\sources_1\imports\new\ofm_pingpong_bank.sv:]
WARNING: [filemgmt 56-199] Attempt to get parsing info during refresh. "On-the-fly" syntax checking information may be incorrect. [D:\bi ging ghi li\CNN_AGAiN\CNN_AGAiN.srcs\sources_1\imports\new\cnn1D_core_top.sv:]
WARNING: [filemgmt 56-199] Attempt to get parsing info during refresh. "On-the-fly" syntax checking information may be incorrect. [D:\bi ging ghi li\CNN_AGAiN\CNN_AGAiN.srcs\sources_1\imports\new\weight_sram_bank.sv:]
WARNING: [filemgmt 56-199] Attempt to get parsing info during refresh. "On-the-fly" syntax checking information may be incorrect. [D:\bi ging ghi li\CNN_AGAiN\CNN_AGAiN.srcs\sources_1\imports\new\ifm_pingpong_bank.sv:]
WARNING: [filemgmt 56-199] Attempt to get parsing info during refresh. "On-the-fly" syntax checking information may be incorrect. [D:\bi ging ghi li\CNN_AGAiN\CNN_AGAiN.srcs\sources_1\imports\new\ifm_pingpong_bank.sv:]
WARNING: [filemgmt 56-199] Attempt to get parsing info during refresh. "On-the-fly" syntax checking information may be incorrect. [D:\bi ging ghi li\CNN_AGAiN\CNN_AGAiN.srcs\sources_1\new\tdp_bram_1clk.sv:]
WARNING: [filemgmt 56-199] Attempt to get parsing info during refresh. "On-the-fly" syntax checking information may be incorrect. [D:\bi ging ghi li\CNN_AGAiN\CNN_AGAiN.srcs\sources_1\imports\new\ifm_addr_gen.sv:]
WARNING: [filemgmt 56-199] Attempt to get parsing info during refresh. "On-the-fly" syntax checking information may be incorrect. [D:\bi ging ghi li\CNN_AGAiN\CNN_AGAiN.srcs\sources_1\imports\new\ifm_pingpong_bank.sv:]
WARNING: [filemgmt 56-199] Attempt to get parsing info during refresh. "On-the-fly" syntax checking information may be incorrect. [D:\bi ging ghi li\CNN_AGAiN\CNN_AGAiN.srcs\sources_1\imports\new\ofm_pingpong_bank.sv:]
WARNING: [filemgmt 56-199] Attempt to get parsing info during refresh. "On-the-fly" syntax checking information may be incorrect. [D:\bi ging ghi li\CNN_AGAiN\CNN_AGAiN.srcs\sources_1\imports\new\cnn1D_core_top.sv:]
WARNING: [filemgmt 56-199] Attempt to get parsing info during refresh. "On-the-fly" syntax checking information may be incorrect. [D:\bi ging ghi li\CNN_AGAiN\CNN_AGAiN.srcs\sources_1\imports\new\weight_sram_bank.sv:]
WARNING: [filemgmt 56-199] Attempt to get parsing info during refresh. "On-the-fly" syntax checking information may be incorrect. [D:\bi ging ghi li\CNN_AGAiN\CNN_AGAiN.srcs\sources_1\imports\new\ofm_pingpong_bank.sv:]
WARNING: [filemgmt 56-199] Attempt to get parsing info during refresh. "On-the-fly" syntax checking information may be incorrect. [D:\bi ging ghi li\CNN_AGAiN\CNN_AGAiN.srcs\sources_1\imports\new\ofm_pingpong_bank.sv:]
ERROR: [Common 17-180] Spawn failed: No error
WARNING: [filemgmt 56-199] Attempt to get parsing info during refresh. "On-the-fly" syntax checking information may be incorrect. [D:\bi ging ghi li\CNN_AGAiN\CNN_AGAiN.srcs\sources_1\new\tdp_bram_1clk.sv:]
WARNING: [filemgmt 56-199] Attempt to get parsing info during refresh. "On-the-fly" syntax checking information may be incorrect. [D:\bi ging ghi li\CNN_AGAiN\CNN_AGAiN.srcs\sources_1\imports\new\ifm_addr_gen.sv:]
WARNING: [filemgmt 56-199] Attempt to get parsing info during refresh. "On-the-fly" syntax checking information may be incorrect. [D:\bi ging ghi li\CNN_AGAiN\CNN_AGAiN.srcs\sources_1\imports\new\ifm_pingpong_bank.sv:]
WARNING: [filemgmt 56-199] Attempt to get parsing info during refresh. "On-the-fly" syntax checking information may be incorrect. [D:\bi ging ghi li\CNN_AGAiN\CNN_AGAiN.srcs\sources_1\imports\new\ofm_pingpong_bank.sv:]
WARNING: [filemgmt 56-199] Attempt to get parsing info during refresh. "On-the-fly" syntax checking information may be incorrect. [D:\bi ging ghi li\CNN_AGAiN\CNN_AGAiN.srcs\sources_1\imports\new\cnn1D_core_top.sv:]
WARNING: [filemgmt 56-199] Attempt to get parsing info during refresh. "On-the-fly" syntax checking information may be incorrect. [D:\bi ging ghi li\CNN_AGAiN\CNN_AGAiN.srcs\sources_1\imports\new\weight_sram_bank.sv:]
WARNING: [filemgmt 56-199] Attempt to get parsing info during refresh. "On-the-fly" syntax checking information may be incorrect. [D:\bi ging ghi li\CNN_AGAiN\CNN_AGAiN.srcs\sources_1\imports\new\cnn1D_core_top.sv:]
WARNING: [filemgmt 56-199] Attempt to get parsing info during refresh. "On-the-fly" syntax checking information may be incorrect. [D:\bi ging ghi li\CNN_AGAiN\CNN_AGAiN.srcs\sources_1\imports\new\cnn1D_core_top.sv:]
ERROR: [Common 17-180] Spawn failed: No error
WARNING: [filemgmt 56-199] Attempt to get parsing info during refresh. "On-the-fly" syntax checking information may be incorrect. [D:\bi ging ghi li\CNN_AGAiN\CNN_AGAiN.srcs\sources_1\new\tdp_bram_1clk.sv:]
WARNING: [filemgmt 56-199] Attempt to get parsing info during refresh. "On-the-fly" syntax checking information may be incorrect. [D:\bi ging ghi li\CNN_AGAiN\CNN_AGAiN.srcs\sources_1\imports\new\ifm_addr_gen.sv:]
WARNING: [filemgmt 56-199] Attempt to get parsing info during refresh. "On-the-fly" syntax checking information may be incorrect. [D:\bi ging ghi li\CNN_AGAiN\CNN_AGAiN.srcs\sources_1\imports\new\ifm_pingpong_bank.sv:]
WARNING: [filemgmt 56-199] Attempt to get parsing info during refresh. "On-the-fly" syntax checking information may be incorrect. [D:\bi ging ghi li\CNN_AGAiN\CNN_AGAiN.srcs\sources_1\imports\new\ofm_pingpong_bank.sv:]
WARNING: [filemgmt 56-199] Attempt to get parsing info during refresh. "On-the-fly" syntax checking information may be incorrect. [D:\bi ging ghi li\CNN_AGAiN\CNN_AGAiN.srcs\sources_1\imports\new\cnn1D_core_top.sv:]
WARNING: [filemgmt 56-199] Attempt to get parsing info during refresh. "On-the-fly" syntax checking information may be incorrect. [D:\bi ging ghi li\CNN_AGAiN\CNN_AGAiN.srcs\sources_1\imports\new\weight_sram_bank.sv:]
WARNING: [filemgmt 56-199] Attempt to get parsing info during refresh. "On-the-fly" syntax checking information may be incorrect. [D:\bi ging ghi li\CNN_AGAiN\CNN_AGAiN.srcs\sources_1\imports\new\ifm_addr_gen.sv:]
WARNING: [filemgmt 56-199] Attempt to get parsing info during refresh. "On-the-fly" syntax checking information may be incorrect. [D:\bi ging ghi li\CNN_AGAiN\CNN_AGAiN.srcs\sources_1\imports\new\ifm_addr_gen.sv:]
ERROR: [Common 17-180] Spawn failed: No error
WARNING: [filemgmt 56-199] Attempt to get parsing info during refresh. "On-the-fly" syntax checking information may be incorrect. [D:\bi ging ghi li\CNN_AGAiN\CNN_AGAiN.srcs\sources_1\new\tdp_bram_1clk.sv:]
WARNING: [filemgmt 56-199] Attempt to get parsing info during refresh. "On-the-fly" syntax checking information may be incorrect. [D:\bi ging ghi li\CNN_AGAiN\CNN_AGAiN.srcs\sources_1\imports\new\ifm_addr_gen.sv:]
WARNING: [filemgmt 56-199] Attempt to get parsing info during refresh. "On-the-fly" syntax checking information may be incorrect. [D:\bi ging ghi li\CNN_AGAiN\CNN_AGAiN.srcs\sources_1\imports\new\ifm_pingpong_bank.sv:]
WARNING: [filemgmt 56-199] Attempt to get parsing info during refresh. "On-the-fly" syntax checking information may be incorrect. [D:\bi ging ghi li\CNN_AGAiN\CNN_AGAiN.srcs\sources_1\imports\new\ofm_pingpong_bank.sv:]
WARNING: [filemgmt 56-199] Attempt to get parsing info during refresh. "On-the-fly" syntax checking information may be incorrect. [D:\bi ging ghi li\CNN_AGAiN\CNN_AGAiN.srcs\sources_1\imports\new\bias_scale_bank.sv:]
WARNING: [filemgmt 56-199] Attempt to get parsing info during refresh. "On-the-fly" syntax checking information may be incorrect. [D:\bi ging ghi li\CNN_AGAiN\CNN_AGAiN.srcs\sources_1\imports\new\cnn1D_core_top.sv:]
WARNING: [filemgmt 56-199] Attempt to get parsing info during refresh. "On-the-fly" syntax checking information may be incorrect. [D:\bi ging ghi li\CNN_AGAiN\CNN_AGAiN.srcs\sources_1\imports\new\weight_sram_bank.sv:]
WARNING: [filemgmt 56-199] Attempt to get parsing info during refresh. "On-the-fly" syntax checking information may be incorrect. [D:\bi ging ghi li\CNN_AGAiN\CNN_AGAiN.srcs\sources_1\imports\new\ifm_pingpong_bank.sv:]
WARNING: [filemgmt 56-199] Attempt to get parsing info during refresh. "On-the-fly" syntax checking information may be incorrect. [D:\bi ging ghi li\CNN_AGAiN\CNN_AGAiN.srcs\sources_1\imports\new\ifm_pingpong_bank.sv:]
WARNING: [filemgmt 56-199] Attempt to get parsing info during refresh. "On-the-fly" syntax checking information may be incorrect. [D:\bi ging ghi li\CNN_AGAiN\CNN_AGAiN.srcs\sources_1\new\tdp_bram_1clk.sv:]
WARNING: [filemgmt 56-199] Attempt to get parsing info during refresh. "On-the-fly" syntax checking information may be incorrect. [D:\bi ging ghi li\CNN_AGAiN\CNN_AGAiN.srcs\sources_1\imports\new\ifm_addr_gen.sv:]
WARNING: [filemgmt 56-199] Attempt to get parsing info during refresh. "On-the-fly" syntax checking information may be incorrect. [D:\bi ging ghi li\CNN_AGAiN\CNN_AGAiN.srcs\sources_1\imports\new\ifm_pingpong_bank.sv:]
WARNING: [filemgmt 56-199] Attempt to get parsing info during refresh. "On-the-fly" syntax checking information may be incorrect. [D:\bi ging ghi li\CNN_AGAiN\CNN_AGAiN.srcs\sources_1\imports\new\ofm_pingpong_bank.sv:]
WARNING: [filemgmt 56-199] Attempt to get parsing info during refresh. "On-the-fly" syntax checking information may be incorrect. [D:\bi ging ghi li\CNN_AGAiN\CNN_AGAiN.srcs\sources_1\imports\new\bias_scale_bank.sv:]
WARNING: [filemgmt 56-199] Attempt to get parsing info during refresh. "On-the-fly" syntax checking information may be incorrect. [D:\bi ging ghi li\CNN_AGAiN\CNN_AGAiN.srcs\sources_1\imports\new\cnn1D_core_top.sv:]
WARNING: [filemgmt 56-199] Attempt to get parsing info during refresh. "On-the-fly" syntax checking information may be incorrect. [D:\bi ging ghi li\CNN_AGAiN\CNN_AGAiN.srcs\sources_1\imports\new\weight_sram_bank.sv:]
WARNING: [filemgmt 56-199] Attempt to get parsing info during refresh. "On-the-fly" syntax checking information may be incorrect. [D:\bi ging ghi li\CNN_AGAiN\CNN_AGAiN.srcs\sources_1\imports\new\weight_sram_bank.sv:]
WARNING: [filemgmt 56-199] Attempt to get parsing info during refresh. "On-the-fly" syntax checking information may be incorrect. [D:\bi ging ghi li\CNN_AGAiN\CNN_AGAiN.srcs\sources_1\imports\new\weight_sram_bank.sv:]
WARNING: [filemgmt 56-199] Attempt to get parsing info during refresh. "On-the-fly" syntax checking information may be incorrect. [D:\bi ging ghi li\CNN_AGAiN\CNN_AGAiN.srcs\sources_1\new\tdp_bram_1clk.sv:]
WARNING: [filemgmt 56-199] Attempt to get parsing info during refresh. "On-the-fly" syntax checking information may be incorrect. [D:\bi ging ghi li\CNN_AGAiN\CNN_AGAiN.srcs\sources_1\imports\new\ifm_addr_gen.sv:]
WARNING: [filemgmt 56-199] Attempt to get parsing info during refresh. "On-the-fly" syntax checking information may be incorrect. [D:\bi ging ghi li\CNN_AGAiN\CNN_AGAiN.srcs\sources_1\imports\new\ifm_pingpong_bank.sv:]
WARNING: [filemgmt 56-199] Attempt to get parsing info during refresh. "On-the-fly" syntax checking information may be incorrect. [D:\bi ging ghi li\CNN_AGAiN\CNN_AGAiN.srcs\sources_1\imports\new\ofm_pingpong_bank.sv:]
WARNING: [filemgmt 56-199] Attempt to get parsing info during refresh. "On-the-fly" syntax checking information may be incorrect. [D:\bi ging ghi li\CNN_AGAiN\CNN_AGAiN.srcs\sources_1\imports\new\bias_scale_bank.sv:]
WARNING: [filemgmt 56-199] Attempt to get parsing info during refresh. "On-the-fly" syntax checking information may be incorrect. [D:\bi ging ghi li\CNN_AGAiN\CNN_AGAiN.srcs\sources_1\imports\new\cnn1D_core_top.sv:]
WARNING: [filemgmt 56-199] Attempt to get parsing info during refresh. "On-the-fly" syntax checking information may be incorrect. [D:\bi ging ghi li\CNN_AGAiN\CNN_AGAiN.srcs\sources_1\imports\new\weight_sram_bank.sv:]
WARNING: [filemgmt 56-199] Attempt to get parsing info during refresh. "On-the-fly" syntax checking information may be incorrect. [D:\bi ging ghi li\CNN_AGAiN\CNN_AGAiN.srcs\sources_1\imports\new\ifm_addr_gen.sv:]
WARNING: [filemgmt 56-199] Attempt to get parsing info during refresh. "On-the-fly" syntax checking information may be incorrect. [D:\bi ging ghi li\CNN_AGAiN\CNN_AGAiN.srcs\sources_1\imports\new\ifm_addr_gen.sv:]
WARNING: [filemgmt 56-199] Attempt to get parsing info during refresh. "On-the-fly" syntax checking information may be incorrect. [D:\bi ging ghi li\CNN_AGAiN\CNN_AGAiN.srcs\sources_1\new\tdp_bram_1clk.sv:]
WARNING: [filemgmt 56-199] Attempt to get parsing info during refresh. "On-the-fly" syntax checking information may be incorrect. [D:\bi ging ghi li\CNN_AGAiN\CNN_AGAiN.srcs\sources_1\imports\new\ifm_addr_gen.sv:]
WARNING: [filemgmt 56-199] Attempt to get parsing info during refresh. "On-the-fly" syntax checking information may be incorrect. [D:\bi ging ghi li\CNN_AGAiN\CNN_AGAiN.srcs\sources_1\imports\new\ifm_pingpong_bank.sv:]
WARNING: [filemgmt 56-199] Attempt to get parsing info during refresh. "On-the-fly" syntax checking information may be incorrect. [D:\bi ging ghi li\CNN_AGAiN\CNN_AGAiN.srcs\sources_1\imports\new\ofm_pingpong_bank.sv:]
WARNING: [filemgmt 56-199] Attempt to get parsing info during refresh. "On-the-fly" syntax checking information may be incorrect. [D:\bi ging ghi li\CNN_AGAiN\CNN_AGAiN.srcs\sources_1\imports\new\bias_scale_bank.sv:]
WARNING: [filemgmt 56-199] Attempt to get parsing info during refresh. "On-the-fly" syntax checking information may be incorrect. [D:\bi ging ghi li\CNN_AGAiN\CNN_AGAiN.srcs\sources_1\imports\new\cnn1D_core_top.sv:]
WARNING: [filemgmt 56-199] Attempt to get parsing info during refresh. "On-the-fly" syntax checking information may be incorrect. [D:\bi ging ghi li\CNN_AGAiN\CNN_AGAiN.srcs\sources_1\imports\new\weight_sram_bank.sv:]
WARNING: [filemgmt 56-199] Attempt to get parsing info during refresh. "On-the-fly" syntax checking information may be incorrect. [D:\bi ging ghi li\CNN_AGAiN\CNN_AGAiN.srcs\sources_1\imports\new\ofm_pingpong_bank.sv:]
WARNING: [filemgmt 56-199] Attempt to get parsing info during refresh. "On-the-fly" syntax checking information may be incorrect. [D:\bi ging ghi li\CNN_AGAiN\CNN_AGAiN.srcs\sources_1\imports\new\ofm_pingpong_bank.sv:]
WARNING: [filemgmt 56-199] Attempt to get parsing info during refresh. "On-the-fly" syntax checking information may be incorrect. [D:\bi ging ghi li\CNN_AGAiN\CNN_AGAiN.srcs\sources_1\new\tdp_bram_1clk.sv:]
WARNING: [filemgmt 56-199] Attempt to get parsing info during refresh. "On-the-fly" syntax checking information may be incorrect. [D:\bi ging ghi li\CNN_AGAiN\CNN_AGAiN.srcs\sources_1\imports\new\ifm_addr_gen.sv:]
WARNING: [filemgmt 56-199] Attempt to get parsing info during refresh. "On-the-fly" syntax checking information may be incorrect. [D:\bi ging ghi li\CNN_AGAiN\CNN_AGAiN.srcs\sources_1\imports\new\ifm_pingpong_bank.sv:]
WARNING: [filemgmt 56-199] Attempt to get parsing info during refresh. "On-the-fly" syntax checking information may be incorrect. [D:\bi ging ghi li\CNN_AGAiN\CNN_AGAiN.srcs\sources_1\imports\new\ofm_pingpong_bank.sv:]
WARNING: [filemgmt 56-199] Attempt to get parsing info during refresh. "On-the-fly" syntax checking information may be incorrect. [D:\bi ging ghi li\CNN_AGAiN\CNN_AGAiN.srcs\sources_1\imports\new\bias_scale_bank.sv:]
WARNING: [filemgmt 56-199] Attempt to get parsing info during refresh. "On-the-fly" syntax checking information may be incorrect. [D:\bi ging ghi li\CNN_AGAiN\CNN_AGAiN.srcs\sources_1\imports\new\cnn1D_core_top.sv:]
WARNING: [filemgmt 56-199] Attempt to get parsing info during refresh. "On-the-fly" syntax checking information may be incorrect. [D:\bi ging ghi li\CNN_AGAiN\CNN_AGAiN.srcs\sources_1\imports\new\weight_sram_bank.sv:]
WARNING: [filemgmt 56-199] Attempt to get parsing info during refresh. "On-the-fly" syntax checking information may be incorrect. [D:\bi ging ghi li\CNN_AGAiN\CNN_AGAiN.srcs\sources_1\imports\new\bias_scale_bank.sv:]
WARNING: [filemgmt 56-199] Attempt to get parsing info during refresh. "On-the-fly" syntax checking information may be incorrect. [D:\bi ging ghi li\CNN_AGAiN\CNN_AGAiN.srcs\sources_1\imports\new\bias_scale_bank.sv:]
WARNING: [filemgmt 56-199] Attempt to get parsing info during refresh. "On-the-fly" syntax checking information may be incorrect. [D:\bi ging ghi li\CNN_AGAiN\CNN_AGAiN.srcs\sources_1\new\tdp_bram_1clk.sv:]
WARNING: [filemgmt 56-199] Attempt to get parsing info during refresh. "On-the-fly" syntax checking information may be incorrect. [D:\bi ging ghi li\CNN_AGAiN\CNN_AGAiN.srcs\sources_1\imports\new\ifm_addr_gen.sv:]
WARNING: [filemgmt 56-199] Attempt to get parsing info during refresh. "On-the-fly" syntax checking information may be incorrect. [D:\bi ging ghi li\CNN_AGAiN\CNN_AGAiN.srcs\sources_1\imports\new\ifm_pingpong_bank.sv:]
WARNING: [filemgmt 56-199] Attempt to get parsing info during refresh. "On-the-fly" syntax checking information may be incorrect. [D:\bi ging ghi li\CNN_AGAiN\CNN_AGAiN.srcs\sources_1\imports\new\ofm_pingpong_bank.sv:]
WARNING: [filemgmt 56-199] Attempt to get parsing info during refresh. "On-the-fly" syntax checking information may be incorrect. [D:\bi ging ghi li\CNN_AGAiN\CNN_AGAiN.srcs\sources_1\imports\new\bias_scale_bank.sv:]
WARNING: [filemgmt 56-199] Attempt to get parsing info during refresh. "On-the-fly" syntax checking information may be incorrect. [D:\bi ging ghi li\CNN_AGAiN\CNN_AGAiN.srcs\sources_1\imports\new\cnn1D_core_top.sv:]
WARNING: [filemgmt 56-199] Attempt to get parsing info during refresh. "On-the-fly" syntax checking information may be incorrect. [D:\bi ging ghi li\CNN_AGAiN\CNN_AGAiN.srcs\sources_1\imports\new\weight_sram_bank.sv:]
WARNING: [filemgmt 56-199] Attempt to get parsing info during refresh. "On-the-fly" syntax checking information may be incorrect. [D:\bi ging ghi li\CNN_AGAiN\CNN_AGAiN.srcs\sources_1\new\tdp_bram_1clk.sv:]
WARNING: [filemgmt 56-199] Attempt to get parsing info during refresh. "On-the-fly" syntax checking information may be incorrect. [D:\bi ging ghi li\CNN_AGAiN\CNN_AGAiN.srcs\sources_1\new\tdp_bram_1clk.sv:]
WARNING: [filemgmt 56-199] Attempt to get parsing info during refresh. "On-the-fly" syntax checking information may be incorrect. [D:\bi ging ghi li\CNN_AGAiN\CNN_AGAiN.srcs\sources_1\new\tdp_bram_1clk.sv:]
WARNING: [filemgmt 56-199] Attempt to get parsing info during refresh. "On-the-fly" syntax checking information may be incorrect. [D:\bi ging ghi li\CNN_AGAiN\CNN_AGAiN.srcs\sources_1\imports\new\ifm_addr_gen.sv:]
WARNING: [filemgmt 56-199] Attempt to get parsing info during refresh. "On-the-fly" syntax checking information may be incorrect. [D:\bi ging ghi li\CNN_AGAiN\CNN_AGAiN.srcs\sources_1\imports\new\ifm_pingpong_bank.sv:]
WARNING: [filemgmt 56-199] Attempt to get parsing info during refresh. "On-the-fly" syntax checking information may be incorrect. [D:\bi ging ghi li\CNN_AGAiN\CNN_AGAiN.srcs\sources_1\imports\new\ofm_pingpong_bank.sv:]
WARNING: [filemgmt 56-199] Attempt to get parsing info during refresh. "On-the-fly" syntax checking information may be incorrect. [D:\bi ging ghi li\CNN_AGAiN\CNN_AGAiN.srcs\sources_1\imports\new\bias_scale_bank.sv:]
WARNING: [filemgmt 56-199] Attempt to get parsing info during refresh. "On-the-fly" syntax checking information may be incorrect. [D:\bi ging ghi li\CNN_AGAiN\CNN_AGAiN.srcs\sources_1\imports\new\cnn1D_core_top.sv:]
WARNING: [filemgmt 56-199] Attempt to get parsing info during refresh. "On-the-fly" syntax checking information may be incorrect. [D:\bi ging ghi li\CNN_AGAiN\CNN_AGAiN.srcs\sources_1\imports\new\weight_sram_bank.sv:]
WARNING: [filemgmt 56-199] Attempt to get parsing info during refresh. "On-the-fly" syntax checking information may be incorrect. [D:\bi ging ghi li\CNN_AGAiN\CNN_AGAiN.srcs\sources_1\imports\new\weight_sram_bank.sv:]
WARNING: [filemgmt 56-199] Attempt to get parsing info during refresh. "On-the-fly" syntax checking information may be incorrect. [D:\bi ging ghi li\CNN_AGAiN\CNN_AGAiN.srcs\sources_1\imports\new\weight_sram_bank.sv:]
WARNING: [filemgmt 56-199] Attempt to get parsing info during refresh. "On-the-fly" syntax checking information may be incorrect. [D:\bi ging ghi li\CNN_AGAiN\CNN_AGAiN.srcs\sources_1\new\tdp_bram_1clk.sv:]
WARNING: [filemgmt 56-199] Attempt to get parsing info during refresh. "On-the-fly" syntax checking information may be incorrect. [D:\bi ging ghi li\CNN_AGAiN\CNN_AGAiN.srcs\sources_1\imports\new\ifm_addr_gen.sv:]
WARNING: [filemgmt 56-199] Attempt to get parsing info during refresh. "On-the-fly" syntax checking information may be incorrect. [D:\bi ging ghi li\CNN_AGAiN\CNN_AGAiN.srcs\sources_1\imports\new\ifm_pingpong_bank.sv:]
WARNING: [filemgmt 56-199] Attempt to get parsing info during refresh. "On-the-fly" syntax checking information may be incorrect. [D:\bi ging ghi li\CNN_AGAiN\CNN_AGAiN.srcs\sources_1\imports\new\ofm_pingpong_bank.sv:]
WARNING: [filemgmt 56-199] Attempt to get parsing info during refresh. "On-the-fly" syntax checking information may be incorrect. [D:\bi ging ghi li\CNN_AGAiN\CNN_AGAiN.srcs\sources_1\imports\new\bias_scale_bank.sv:]
WARNING: [filemgmt 56-199] Attempt to get parsing info during refresh. "On-the-fly" syntax checking information may be incorrect. [D:\bi ging ghi li\CNN_AGAiN\CNN_AGAiN.srcs\sources_1\imports\new\cnn1D_core_top.sv:]
WARNING: [filemgmt 56-199] Attempt to get parsing info during refresh. "On-the-fly" syntax checking information may be incorrect. [D:\bi ging ghi li\CNN_AGAiN\CNN_AGAiN.srcs\sources_1\imports\new\weight_sram_bank.sv:]
WARNING: [filemgmt 56-199] Attempt to get parsing info during refresh. "On-the-fly" syntax checking information may be incorrect. [D:\bi ging ghi li\CNN_AGAiN\CNN_AGAiN.srcs\sources_1\imports\new\cnn1D_core_top.sv:]
WARNING: [filemgmt 56-199] Attempt to get parsing info during refresh. "On-the-fly" syntax checking information may be incorrect. [D:\bi ging ghi li\CNN_AGAiN\CNN_AGAiN.srcs\sources_1\imports\new\cnn1D_core_top.sv:]
WARNING: [filemgmt 56-199] Attempt to get parsing info during refresh. "On-the-fly" syntax checking information may be incorrect. [D:\bi ging ghi li\CNN_AGAiN\CNN_AGAiN.srcs\sources_1\new\tdp_bram_1clk.sv:]
WARNING: [filemgmt 56-199] Attempt to get parsing info during refresh. "On-the-fly" syntax checking information may be incorrect. [D:\bi ging ghi li\CNN_AGAiN\CNN_AGAiN.srcs\sources_1\imports\new\ifm_addr_gen.sv:]
WARNING: [filemgmt 56-199] Attempt to get parsing info during refresh. "On-the-fly" syntax checking information may be incorrect. [D:\bi ging ghi li\CNN_AGAiN\CNN_AGAiN.srcs\sources_1\imports\new\ifm_pingpong_bank.sv:]
WARNING: [filemgmt 56-199] Attempt to get parsing info during refresh. "On-the-fly" syntax checking information may be incorrect. [D:\bi ging ghi li\CNN_AGAiN\CNN_AGAiN.srcs\sources_1\imports\new\ofm_pingpong_bank.sv:]
WARNING: [filemgmt 56-199] Attempt to get parsing info during refresh. "On-the-fly" syntax checking information may be incorrect. [D:\bi ging ghi li\CNN_AGAiN\CNN_AGAiN.srcs\sources_1\imports\new\bias_scale_bank.sv:]
WARNING: [filemgmt 56-199] Attempt to get parsing info during refresh. "On-the-fly" syntax checking information may be incorrect. [D:\bi ging ghi li\CNN_AGAiN\CNN_AGAiN.srcs\sources_1\imports\new\cnn1D_core_top.sv:]
WARNING: [filemgmt 56-199] Attempt to get parsing info during refresh. "On-the-fly" syntax checking information may be incorrect. [D:\bi ging ghi li\CNN_AGAiN\CNN_AGAiN.srcs\sources_1\imports\new\weight_sram_bank.sv:]
WARNING: [filemgmt 56-199] Attempt to get parsing info during refresh. "On-the-fly" syntax checking information may be incorrect. [D:\bi ging ghi li\CNN_AGAiN\CNN_AGAiN.srcs\sources_1\imports\new\ifm_addr_gen.sv:]
WARNING: [filemgmt 56-199] Attempt to get parsing info during refresh. "On-the-fly" syntax checking information may be incorrect. [D:\bi ging ghi li\CNN_AGAiN\CNN_AGAiN.srcs\sources_1\imports\new\ifm_addr_gen.sv:]
WARNING: [filemgmt 56-199] Attempt to get parsing info during refresh. "On-the-fly" syntax checking information may be incorrect. [D:\bi ging ghi li\CNN_AGAiN\CNN_AGAiN.srcs\sources_1\new\tdp_bram_1clk.sv:]
WARNING: [filemgmt 56-199] Attempt to get parsing info during refresh. "On-the-fly" syntax checking information may be incorrect. [D:\bi ging ghi li\CNN_AGAiN\CNN_AGAiN.srcs\sources_1\imports\new\ifm_addr_gen.sv:]
WARNING: [filemgmt 56-199] Attempt to get parsing info during refresh. "On-the-fly" syntax checking information may be incorrect. [D:\bi ging ghi li\CNN_AGAiN\CNN_AGAiN.srcs\sources_1\imports\new\ifm_pingpong_bank.sv:]
WARNING: [filemgmt 56-199] Attempt to get parsing info during refresh. "On-the-fly" syntax checking information may be incorrect. [D:\bi ging ghi li\CNN_AGAiN\CNN_AGAiN.srcs\sources_1\imports\new\ofm_pingpong_bank.sv:]
WARNING: [filemgmt 56-199] Attempt to get parsing info during refresh. "On-the-fly" syntax checking information may be incorrect. [D:\bi ging ghi li\CNN_AGAiN\CNN_AGAiN.srcs\sources_1\imports\new\bias_scale_bank.sv:]
WARNING: [filemgmt 56-199] Attempt to get parsing info during refresh. "On-the-fly" syntax checking information may be incorrect. [D:\bi ging ghi li\CNN_AGAiN\CNN_AGAiN.srcs\sources_1\imports\new\cnn1D_core_top.sv:]
WARNING: [filemgmt 56-199] Attempt to get parsing info during refresh. "On-the-fly" syntax checking information may be incorrect. [D:\bi ging ghi li\CNN_AGAiN\CNN_AGAiN.srcs\sources_1\imports\new\weight_sram_bank.sv:]
WARNING: [filemgmt 56-199] Attempt to get parsing info during refresh. "On-the-fly" syntax checking information may be incorrect. [D:\bi ging ghi li\CNN_AGAiN\CNN_AGAiN.srcs\sources_1\imports\new\bias_scale_bank.sv:]
WARNING: [filemgmt 56-199] Attempt to get parsing info during refresh. "On-the-fly" syntax checking information may be incorrect. [D:\bi ging ghi li\CNN_AGAiN\CNN_AGAiN.srcs\sources_1\imports\new\bias_scale_bank.sv:]
WARNING: [filemgmt 56-199] Attempt to get parsing info during refresh. "On-the-fly" syntax checking information may be incorrect. [D:\bi ging ghi li\CNN_AGAiN\CNN_AGAiN.srcs\sources_1\new\tdp_bram_1clk.sv:]
WARNING: [filemgmt 56-199] Attempt to get parsing info during refresh. "On-the-fly" syntax checking information may be incorrect. [D:\bi ging ghi li\CNN_AGAiN\CNN_AGAiN.srcs\sources_1\imports\new\ifm_addr_gen.sv:]
WARNING: [filemgmt 56-199] Attempt to get parsing info during refresh. "On-the-fly" syntax checking information may be incorrect. [D:\bi ging ghi li\CNN_AGAiN\CNN_AGAiN.srcs\sources_1\imports\new\ifm_pingpong_bank.sv:]
WARNING: [filemgmt 56-199] Attempt to get parsing info during refresh. "On-the-fly" syntax checking information may be incorrect. [D:\bi ging ghi li\CNN_AGAiN\CNN_AGAiN.srcs\sources_1\imports\new\ofm_pingpong_bank.sv:]
WARNING: [filemgmt 56-199] Attempt to get parsing info during refresh. "On-the-fly" syntax checking information may be incorrect. [D:\bi ging ghi li\CNN_AGAiN\CNN_AGAiN.srcs\sources_1\imports\new\bias_scale_bank.sv:]
WARNING: [filemgmt 56-199] Attempt to get parsing info during refresh. "On-the-fly" syntax checking information may be incorrect. [D:\bi ging ghi li\CNN_AGAiN\CNN_AGAiN.srcs\sources_1\imports\new\cnn1D_core_top.sv:]
WARNING: [filemgmt 56-199] Attempt to get parsing info during refresh. "On-the-fly" syntax checking information may be incorrect. [D:\bi ging ghi li\CNN_AGAiN\CNN_AGAiN.srcs\sources_1\imports\new\weight_sram_bank.sv:]
WARNING: [filemgmt 56-199] Attempt to get parsing info during refresh. "On-the-fly" syntax checking information may be incorrect. [D:\bi ging ghi li\CNN_AGAiN\CNN_AGAiN.srcs\sources_1\new\tdp_bram_1clk.sv:]
WARNING: [filemgmt 56-199] Attempt to get parsing info during refresh. "On-the-fly" syntax checking information may be incorrect. [D:\bi ging ghi li\CNN_AGAiN\CNN_AGAiN.srcs\sources_1\new\tdp_bram_1clk.sv:]
ERROR: [Common 17-180] Spawn failed: No error
WARNING: [filemgmt 56-199] Attempt to get parsing info during refresh. "On-the-fly" syntax checking information may be incorrect. [D:\bi ging ghi li\CNN_AGAiN\CNN_AGAiN.srcs\sources_1\new\tdp_bram_1clk.sv:]
WARNING: [filemgmt 56-199] Attempt to get parsing info during refresh. "On-the-fly" syntax checking information may be incorrect. [D:\bi ging ghi li\CNN_AGAiN\CNN_AGAiN.srcs\sources_1\imports\new\ifm_addr_gen.sv:]
WARNING: [filemgmt 56-199] Attempt to get parsing info during refresh. "On-the-fly" syntax checking information may be incorrect. [D:\bi ging ghi li\CNN_AGAiN\CNN_AGAiN.srcs\sources_1\imports\new\ifm_pingpong_bank.sv:]
WARNING: [filemgmt 56-199] Attempt to get parsing info during refresh. "On-the-fly" syntax checking information may be incorrect. [D:\bi ging ghi li\CNN_AGAiN\CNN_AGAiN.srcs\sources_1\imports\new\ofm_pingpong_bank.sv:]
WARNING: [filemgmt 56-199] Attempt to get parsing info during refresh. "On-the-fly" syntax checking information may be incorrect. [D:\bi ging ghi li\CNN_AGAiN\CNN_AGAiN.srcs\sources_1\imports\new\bias_scale_bank.sv:]
WARNING: [filemgmt 56-199] Attempt to get parsing info during refresh. "On-the-fly" syntax checking information may be incorrect. [D:\bi ging ghi li\CNN_AGAiN\CNN_AGAiN.srcs\sources_1\imports\new\cnn1D_core_top.sv:]
WARNING: [filemgmt 56-199] Attempt to get parsing info during refresh. "On-the-fly" syntax checking information may be incorrect. [D:\bi ging ghi li\CNN_AGAiN\CNN_AGAiN.srcs\sources_1\imports\new\weight_sram_bank.sv:]
WARNING: [filemgmt 56-199] Attempt to get parsing info during refresh. "On-the-fly" syntax checking information may be incorrect. [D:\bi ging ghi li\CNN_AGAiN\CNN_AGAiN.srcs\sources_1\imports\new\ofm_pingpong_bank.sv:]
WARNING: [filemgmt 56-199] Attempt to get parsing info during refresh. "On-the-fly" syntax checking information may be incorrect. [D:\bi ging ghi li\CNN_AGAiN\CNN_AGAiN.srcs\sources_1\imports\new\ofm_pingpong_bank.sv:]
ERROR: [Common 17-180] Spawn failed: No error
WARNING: [Board 49-26] cannot add Board Part xilinx.com:vek280_es:part0:1.0 available at E:/Vivado/2024.2/data/xhub/boards/XilinxBoardStore/boards/Xilinx/vek280/es/rev_a/1.0/board.xml as part xcve2802-vsvh1760-2lp-e-s-es1 specified in board_part file is either invalid or not available
WARNING: [Board 49-26] cannot add Board Part xilinx.com:vek280_es:part0:1.1 available at E:/Vivado/2024.2/data/xhub/boards/XilinxBoardStore/boards/Xilinx/vek280/es/rev_a/1.1/board.xml as part xcve2802-vsvh1760-2lp-e-s-es1 specified in board_part file is either invalid or not available
WARNING: [Board 49-26] cannot add Board Part xilinx.com:vek280_es_revb:part0:1.0 available at E:/Vivado/2024.2/data/xhub/boards/XilinxBoardStore/boards/Xilinx/vek280/es/rev_b/1.0/board.xml as part xcve2802-vsvh1760-2mp-e-s-es1 specified in board_part file is either invalid or not available
WARNING: [Board 49-26] cannot add Board Part xilinx.com:vek280_es_revb:part0:1.1 available at E:/Vivado/2024.2/data/xhub/boards/XilinxBoardStore/boards/Xilinx/vek280/es/rev_b/1.1/board.xml as part xcve2802-vsvh1760-2mp-e-s-es1 specified in board_part file is either invalid or not available
WARNING: [Board 49-26] cannot add Board Part xilinx.com:zcu208ld:part0:2.0 available at E:/Vivado/2024.2/data/xhub/boards/XilinxBoardStore/boards/Xilinx/zcu208ld/production/2.0/board.xml as part xczu58dr-fsvg1517-2-i specified in board_part file is either invalid or not available
WARNING: [Board 49-26] cannot add Board Part xilinx.com:zcu216ld:part0:2.0 available at E:/Vivado/2024.2/data/xhub/boards/XilinxBoardStore/boards/Xilinx/zcu216ld/production/2.0/board.xml as part xczu59dr-ffvf1760-2-i specified in board_part file is either invalid or not available
WARNING: [Board 49-26] cannot add Board Part xilinx.com:zcu670ld:part0:1.0 available at E:/Vivado/2024.2/data/xhub/boards/XilinxBoardStore/boards/Xilinx/zcu670ld/1.0/board.xml as part xczu57dr-fsve1156-2-i specified in board_part file is either invalid or not available
WARNING: [Board 49-26] cannot add Board Part xilinx.com:vek280_es:part0:1.0 available at E:/Vivado/2024.2/data/xhub/boards/XilinxBoardStore/boards/Xilinx/vek280/es/rev_a/1.0/board.xml as part xcve2802-vsvh1760-2lp-e-s-es1 specified in board_part file is either invalid or not available
WARNING: [Board 49-26] cannot add Board Part xilinx.com:vek280_es:part0:1.1 available at E:/Vivado/2024.2/data/xhub/boards/XilinxBoardStore/boards/Xilinx/vek280/es/rev_a/1.1/board.xml as part xcve2802-vsvh1760-2lp-e-s-es1 specified in board_part file is either invalid or not available
WARNING: [Board 49-26] cannot add Board Part xilinx.com:vek280_es_revb:part0:1.0 available at E:/Vivado/2024.2/data/xhub/boards/XilinxBoardStore/boards/Xilinx/vek280/es/rev_b/1.0/board.xml as part xcve2802-vsvh1760-2mp-e-s-es1 specified in board_part file is either invalid or not available
WARNING: [Board 49-26] cannot add Board Part xilinx.com:vek280_es_revb:part0:1.1 available at E:/Vivado/2024.2/data/xhub/boards/XilinxBoardStore/boards/Xilinx/vek280/es/rev_b/1.1/board.xml as part xcve2802-vsvh1760-2mp-e-s-es1 specified in board_part file is either invalid or not available
WARNING: [Board 49-26] cannot add Board Part xilinx.com:zcu208ld:part0:2.0 available at E:/Vivado/2024.2/data/xhub/boards/XilinxBoardStore/boards/Xilinx/zcu208ld/production/2.0/board.xml as part xczu58dr-fsvg1517-2-i specified in board_part file is either invalid or not available
WARNING: [Board 49-26] cannot add Board Part xilinx.com:zcu216ld:part0:2.0 available at E:/Vivado/2024.2/data/xhub/boards/XilinxBoardStore/boards/Xilinx/zcu216ld/production/2.0/board.xml as part xczu59dr-ffvf1760-2-i specified in board_part file is either invalid or not available
WARNING: [Board 49-26] cannot add Board Part xilinx.com:zcu670ld:part0:1.0 available at E:/Vivado/2024.2/data/xhub/boards/XilinxBoardStore/boards/Xilinx/zcu670ld/1.0/board.xml as part xczu57dr-fsve1156-2-i specified in board_part file is either invalid or not available
WARNING: [Board 49-26] cannot add Board Part xilinx.com:vek280_es:part0:1.1 available at E:/Vivado/2024.2/data/xhub/boards/XilinxBoardStore/boards/Xilinx/vek280/es/rev_a/1.1/board.xml as part xcve2802-vsvh1760-2lp-e-s-es1 specified in board_part file is either invalid or not available
WARNING: [Board 49-26] cannot add Board Part xilinx.com:vek280_es_revb:part0:1.1 available at E:/Vivado/2024.2/data/xhub/boards/XilinxBoardStore/boards/Xilinx/vek280/es/rev_b/1.1/board.xml as part xcve2802-vsvh1760-2mp-e-s-es1 specified in board_part file is either invalid or not available
WARNING: [Board 49-26] cannot add Board Part xilinx.com:zcu208ld:part0:2.0 available at E:/Vivado/2024.2/data/xhub/boards/XilinxBoardStore/boards/Xilinx/zcu208ld/production/2.0/board.xml as part xczu58dr-fsvg1517-2-i specified in board_part file is either invalid or not available
WARNING: [Board 49-26] cannot add Board Part xilinx.com:zcu216ld:part0:2.0 available at E:/Vivado/2024.2/data/xhub/boards/XilinxBoardStore/boards/Xilinx/zcu216ld/production/2.0/board.xml as part xczu59dr-ffvf1760-2-i specified in board_part file is either invalid or not available
WARNING: [Board 49-26] cannot add Board Part xilinx.com:zcu670ld:part0:1.0 available at E:/Vivado/2024.2/data/xhub/boards/XilinxBoardStore/boards/Xilinx/zcu670ld/1.0/board.xml as part xczu57dr-fsve1156-2-i specified in board_part file is either invalid or not available
WARNING: [Board 49-26] cannot add Board Part xilinx.com:vek280_es:part0:1.0 available at E:/Vivado/2024.2/data/xhub/boards/XilinxBoardStore/boards/Xilinx/vek280/es/rev_a/1.0/board.xml as part xcve2802-vsvh1760-2lp-e-s-es1 specified in board_part file is either invalid or not available
WARNING: [Board 49-26] cannot add Board Part xilinx.com:vek280_es:part0:1.1 available at E:/Vivado/2024.2/data/xhub/boards/XilinxBoardStore/boards/Xilinx/vek280/es/rev_a/1.1/board.xml as part xcve2802-vsvh1760-2lp-e-s-es1 specified in board_part file is either invalid or not available
WARNING: [Board 49-26] cannot add Board Part xilinx.com:vek280_es_revb:part0:1.0 available at E:/Vivado/2024.2/data/xhub/boards/XilinxBoardStore/boards/Xilinx/vek280/es/rev_b/1.0/board.xml as part xcve2802-vsvh1760-2mp-e-s-es1 specified in board_part file is either invalid or not available
WARNING: [Board 49-26] cannot add Board Part xilinx.com:vek280_es_revb:part0:1.1 available at E:/Vivado/2024.2/data/xhub/boards/XilinxBoardStore/boards/Xilinx/vek280/es/rev_b/1.1/board.xml as part xcve2802-vsvh1760-2mp-e-s-es1 specified in board_part file is either invalid or not available
WARNING: [Board 49-26] cannot add Board Part xilinx.com:zcu208ld:part0:2.0 available at E:/Vivado/2024.2/data/xhub/boards/XilinxBoardStore/boards/Xilinx/zcu208ld/production/2.0/board.xml as part xczu58dr-fsvg1517-2-i specified in board_part file is either invalid or not available
WARNING: [Board 49-26] cannot add Board Part xilinx.com:zcu216ld:part0:2.0 available at E:/Vivado/2024.2/data/xhub/boards/XilinxBoardStore/boards/Xilinx/zcu216ld/production/2.0/board.xml as part xczu59dr-ffvf1760-2-i specified in board_part file is either invalid or not available
WARNING: [Board 49-26] cannot add Board Part xilinx.com:zcu670ld:part0:1.0 available at E:/Vivado/2024.2/data/xhub/boards/XilinxBoardStore/boards/Xilinx/zcu670ld/1.0/board.xml as part xczu57dr-fsve1156-2-i specified in board_part file is either invalid or not available
WARNING: [Board 49-26] cannot add Board Part xilinx.com:vek280_es:part0:1.0 available at E:/Vivado/2024.2/data/xhub/boards/XilinxBoardStore/boards/Xilinx/vek280/es/rev_a/1.0/board.xml as part xcve2802-vsvh1760-2lp-e-s-es1 specified in board_part file is either invalid or not available
WARNING: [Board 49-26] cannot add Board Part xilinx.com:vek280_es:part0:1.1 available at E:/Vivado/2024.2/data/xhub/boards/XilinxBoardStore/boards/Xilinx/vek280/es/rev_a/1.1/board.xml as part xcve2802-vsvh1760-2lp-e-s-es1 specified in board_part file is either invalid or not available
WARNING: [Board 49-26] cannot add Board Part xilinx.com:vek280_es_revb:part0:1.0 available at E:/Vivado/2024.2/data/xhub/boards/XilinxBoardStore/boards/Xilinx/vek280/es/rev_b/1.0/board.xml as part xcve2802-vsvh1760-2mp-e-s-es1 specified in board_part file is either invalid or not available
WARNING: [Board 49-26] cannot add Board Part xilinx.com:vek280_es_revb:part0:1.1 available at E:/Vivado/2024.2/data/xhub/boards/XilinxBoardStore/boards/Xilinx/vek280/es/rev_b/1.1/board.xml as part xcve2802-vsvh1760-2mp-e-s-es1 specified in board_part file is either invalid or not available
WARNING: [Board 49-26] cannot add Board Part xilinx.com:zcu208ld:part0:2.0 available at E:/Vivado/2024.2/data/xhub/boards/XilinxBoardStore/boards/Xilinx/zcu208ld/production/2.0/board.xml as part xczu58dr-fsvg1517-2-i specified in board_part file is either invalid or not available
WARNING: [Board 49-26] cannot add Board Part xilinx.com:zcu216ld:part0:2.0 available at E:/Vivado/2024.2/data/xhub/boards/XilinxBoardStore/boards/Xilinx/zcu216ld/production/2.0/board.xml as part xczu59dr-ffvf1760-2-i specified in board_part file is either invalid or not available
WARNING: [Board 49-26] cannot add Board Part xilinx.com:zcu670ld:part0:1.0 available at E:/Vivado/2024.2/data/xhub/boards/XilinxBoardStore/boards/Xilinx/zcu670ld/1.0/board.xml as part xczu57dr-fsve1156-2-i specified in board_part file is either invalid or not available
WARNING: [Board 49-26] cannot add Board Part xilinx.com:vek280_es:part0:1.1 available at E:/Vivado/2024.2/data/xhub/boards/XilinxBoardStore/boards/Xilinx/vek280/es/rev_a/1.1/board.xml as part xcve2802-vsvh1760-2lp-e-s-es1 specified in board_part file is either invalid or not available
WARNING: [Board 49-26] cannot add Board Part xilinx.com:vek280_es_revb:part0:1.1 available at E:/Vivado/2024.2/data/xhub/boards/XilinxBoardStore/boards/Xilinx/vek280/es/rev_b/1.1/board.xml as part xcve2802-vsvh1760-2mp-e-s-es1 specified in board_part file is either invalid or not available
WARNING: [Board 49-26] cannot add Board Part xilinx.com:zcu208ld:part0:2.0 available at E:/Vivado/2024.2/data/xhub/boards/XilinxBoardStore/boards/Xilinx/zcu208ld/production/2.0/board.xml as part xczu58dr-fsvg1517-2-i specified in board_part file is either invalid or not available
WARNING: [Board 49-26] cannot add Board Part xilinx.com:zcu216ld:part0:2.0 available at E:/Vivado/2024.2/data/xhub/boards/XilinxBoardStore/boards/Xilinx/zcu216ld/production/2.0/board.xml as part xczu59dr-ffvf1760-2-i specified in board_part file is either invalid or not available
WARNING: [Board 49-26] cannot add Board Part xilinx.com:zcu670ld:part0:1.0 available at E:/Vivado/2024.2/data/xhub/boards/XilinxBoardStore/boards/Xilinx/zcu670ld/1.0/board.xml as part xczu57dr-fsve1156-2-i specified in board_part file is either invalid or not available
set_property part xc7vx485tffg1761-1 [current_project]
WARNING: [filemgmt 56-199] Attempt to get parsing info during refresh. "On-the-fly" syntax checking information may be incorrect. [D:\bi ging ghi li\CNN_AGAiN\CNN_AGAiN.srcs\sources_1\new\tdp_bram_1clk.sv:]
WARNING: [filemgmt 56-199] Attempt to get parsing info during refresh. "On-the-fly" syntax checking information may be incorrect. [D:\bi ging ghi li\CNN_AGAiN\CNN_AGAiN.srcs\sources_1\imports\new\ifm_addr_gen.sv:]
WARNING: [filemgmt 56-199] Attempt to get parsing info during refresh. "On-the-fly" syntax checking information may be incorrect. [D:\bi ging ghi li\CNN_AGAiN\CNN_AGAiN.srcs\sources_1\imports\new\ifm_pingpong_bank.sv:]
WARNING: [filemgmt 56-199] Attempt to get parsing info during refresh. "On-the-fly" syntax checking information may be incorrect. [D:\bi ging ghi li\CNN_AGAiN\CNN_AGAiN.srcs\sources_1\imports\new\ofm_pingpong_bank.sv:]
WARNING: [filemgmt 56-199] Attempt to get parsing info during refresh. "On-the-fly" syntax checking information may be incorrect. [D:\bi ging ghi li\CNN_AGAiN\CNN_AGAiN.srcs\sources_1\imports\new\bias_scale_bank.sv:]
WARNING: [filemgmt 56-199] Attempt to get parsing info during refresh. "On-the-fly" syntax checking information may be incorrect. [D:\bi ging ghi li\CNN_AGAiN\CNN_AGAiN.srcs\sources_1\imports\new\cnn1D_core_top.sv:]
WARNING: [filemgmt 56-199] Attempt to get parsing info during refresh. "On-the-fly" syntax checking information may be incorrect. [D:\bi ging ghi li\CNN_AGAiN\CNN_AGAiN.srcs\sources_1\imports\new\weight_sram_bank.sv:]
WARNING: [filemgmt 56-199] Attempt to get parsing info during refresh. "On-the-fly" syntax checking information may be incorrect. [D:\bi ging ghi li\CNN_AGAiN\CNN_AGAiN.srcs\sources_1\new\tdp_bram_1clk.sv:]
WARNING: [filemgmt 56-199] Attempt to get parsing info during refresh. "On-the-fly" syntax checking information may be incorrect. [D:\bi ging ghi li\CNN_AGAiN\CNN_AGAiN.srcs\sources_1\new\tdp_bram_1clk.sv:]
WARNING: [filemgmt 56-199] Attempt to get parsing info during refresh. "On-the-fly" syntax checking information may be incorrect. [D:\bi ging ghi li\CNN_AGAiN\CNN_AGAiN.srcs\sources_1\new\tdp_bram_1clk.sv:]
WARNING: [filemgmt 56-199] Attempt to get parsing info during refresh. "On-the-fly" syntax checking information may be incorrect. [D:\bi ging ghi li\CNN_AGAiN\CNN_AGAiN.srcs\sources_1\imports\new\ifm_addr_gen.sv:]
WARNING: [filemgmt 56-199] Attempt to get parsing info during refresh. "On-the-fly" syntax checking information may be incorrect. [D:\bi ging ghi li\CNN_AGAiN\CNN_AGAiN.srcs\sources_1\imports\new\ifm_pingpong_bank.sv:]
WARNING: [filemgmt 56-199] Attempt to get parsing info during refresh. "On-the-fly" syntax checking information may be incorrect. [D:\bi ging ghi li\CNN_AGAiN\CNN_AGAiN.srcs\sources_1\imports\new\ofm_pingpong_bank.sv:]
WARNING: [filemgmt 56-199] Attempt to get parsing info during refresh. "On-the-fly" syntax checking information may be incorrect. [D:\bi ging ghi li\CNN_AGAiN\CNN_AGAiN.srcs\sources_1\imports\new\bias_scale_bank.sv:]
WARNING: [filemgmt 56-199] Attempt to get parsing info during refresh. "On-the-fly" syntax checking information may be incorrect. [D:\bi ging ghi li\CNN_AGAiN\CNN_AGAiN.srcs\sources_1\imports\new\cnn1D_core_top.sv:]
WARNING: [filemgmt 56-199] Attempt to get parsing info during refresh. "On-the-fly" syntax checking information may be incorrect. [D:\bi ging ghi li\CNN_AGAiN\CNN_AGAiN.srcs\sources_1\imports\new\weight_sram_bank.sv:]
WARNING: [filemgmt 56-199] Attempt to get parsing info during refresh. "On-the-fly" syntax checking information may be incorrect. [D:\bi ging ghi li\CNN_AGAiN\CNN_AGAiN.srcs\sources_1\imports\new\ifm_pingpong_bank.sv:]
WARNING: [filemgmt 56-199] Attempt to get parsing info during refresh. "On-the-fly" syntax checking information may be incorrect. [D:\bi ging ghi li\CNN_AGAiN\CNN_AGAiN.srcs\sources_1\imports\new\ifm_pingpong_bank.sv:]
WARNING: [filemgmt 56-199] Attempt to get parsing info during refresh. "On-the-fly" syntax checking information may be incorrect. [D:\bi ging ghi li\CNN_AGAiN\CNN_AGAiN.srcs\sources_1\new\tdp_bram_1clk.sv:]
WARNING: [filemgmt 56-199] Attempt to get parsing info during refresh. "On-the-fly" syntax checking information may be incorrect. [D:\bi ging ghi li\CNN_AGAiN\CNN_AGAiN.srcs\sources_1\imports\new\ifm_addr_gen.sv:]
WARNING: [filemgmt 56-199] Attempt to get parsing info during refresh. "On-the-fly" syntax checking information may be incorrect. [D:\bi ging ghi li\CNN_AGAiN\CNN_AGAiN.srcs\sources_1\imports\new\ifm_pingpong_bank.sv:]
WARNING: [filemgmt 56-199] Attempt to get parsing info during refresh. "On-the-fly" syntax checking information may be incorrect. [D:\bi ging ghi li\CNN_AGAiN\CNN_AGAiN.srcs\sources_1\imports\new\ofm_pingpong_bank.sv:]
WARNING: [filemgmt 56-199] Attempt to get parsing info during refresh. "On-the-fly" syntax checking information may be incorrect. [D:\bi ging ghi li\CNN_AGAiN\CNN_AGAiN.srcs\sources_1\imports\new\bias_scale_bank.sv:]
WARNING: [filemgmt 56-199] Attempt to get parsing info during refresh. "On-the-fly" syntax checking information may be incorrect. [D:\bi ging ghi li\CNN_AGAiN\CNN_AGAiN.srcs\sources_1\imports\new\cnn1D_core_top.sv:]
WARNING: [filemgmt 56-199] Attempt to get parsing info during refresh. "On-the-fly" syntax checking information may be incorrect. [D:\bi ging ghi li\CNN_AGAiN\CNN_AGAiN.srcs\sources_1\imports\new\weight_sram_bank.sv:]
WARNING: [filemgmt 56-199] Attempt to get parsing info during refresh. "On-the-fly" syntax checking information may be incorrect. [D:\bi ging ghi li\CNN_AGAiN\CNN_AGAiN.srcs\sources_1\imports\new\bias_scale_bank.sv:]
WARNING: [filemgmt 56-199] Attempt to get parsing info during refresh. "On-the-fly" syntax checking information may be incorrect. [D:\bi ging ghi li\CNN_AGAiN\CNN_AGAiN.srcs\sources_1\imports\new\bias_scale_bank.sv:]
WARNING: [Ipconfig 75-871] Could not load NoC clock tree from device
WARNING: [Ipconfig 75-570] Unable to create NoC or AIE Models.
WARNING: [filemgmt 56-199] Attempt to get parsing info during refresh. "On-the-fly" syntax checking information may be incorrect. [D:\bi ging ghi li\CNN_AGAiN\CNN_AGAiN.srcs\sources_1\new\tdp_bram_1clk.sv:]
WARNING: [filemgmt 56-199] Attempt to get parsing info during refresh. "On-the-fly" syntax checking information may be incorrect. [D:\bi ging ghi li\CNN_AGAiN\CNN_AGAiN.srcs\sources_1\imports\new\ifm_addr_gen.sv:]
WARNING: [filemgmt 56-199] Attempt to get parsing info during refresh. "On-the-fly" syntax checking information may be incorrect. [D:\bi ging ghi li\CNN_AGAiN\CNN_AGAiN.srcs\sources_1\imports\new\ifm_pingpong_bank.sv:]
WARNING: [filemgmt 56-199] Attempt to get parsing info during refresh. "On-the-fly" syntax checking information may be incorrect. [D:\bi ging ghi li\CNN_AGAiN\CNN_AGAiN.srcs\sources_1\imports\new\ofm_pingpong_bank.sv:]
WARNING: [filemgmt 56-199] Attempt to get parsing info during refresh. "On-the-fly" syntax checking information may be incorrect. [D:\bi ging ghi li\CNN_AGAiN\CNN_AGAiN.srcs\sources_1\imports\new\bias_scale_bank.sv:]
WARNING: [filemgmt 56-199] Attempt to get parsing info during refresh. "On-the-fly" syntax checking information may be incorrect. [D:\bi ging ghi li\CNN_AGAiN\CNN_AGAiN.srcs\sources_1\imports\new\cnn1D_core_top.sv:]
WARNING: [filemgmt 56-199] Attempt to get parsing info during refresh. "On-the-fly" syntax checking information may be incorrect. [D:\bi ging ghi li\CNN_AGAiN\CNN_AGAiN.srcs\sources_1\imports\new\weight_sram_bank.sv:]
WARNING: [filemgmt 56-199] Attempt to get parsing info during refresh. "On-the-fly" syntax checking information may be incorrect. [D:\bi ging ghi li\CNN_AGAiN\CNN_AGAiN.srcs\sources_1\imports\new\cnn1D_core_top.sv:]
WARNING: [filemgmt 56-199] Attempt to get parsing info during refresh. "On-the-fly" syntax checking information may be incorrect. [D:\bi ging ghi li\CNN_AGAiN\CNN_AGAiN.srcs\sources_1\imports\new\cnn1D_core_top.sv:]
WARNING: [filemgmt 56-199] Attempt to get parsing info during refresh. "On-the-fly" syntax checking information may be incorrect. [D:\bi ging ghi li\CNN_AGAiN\CNN_AGAiN.srcs\sources_1\new\tdp_bram_1clk.sv:]
WARNING: [filemgmt 56-199] Attempt to get parsing info during refresh. "On-the-fly" syntax checking information may be incorrect. [D:\bi ging ghi li\CNN_AGAiN\CNN_AGAiN.srcs\sources_1\imports\new\ifm_addr_gen.sv:]
WARNING: [filemgmt 56-199] Attempt to get parsing info during refresh. "On-the-fly" syntax checking information may be incorrect. [D:\bi ging ghi li\CNN_AGAiN\CNN_AGAiN.srcs\sources_1\imports\new\ifm_pingpong_bank.sv:]
WARNING: [filemgmt 56-199] Attempt to get parsing info during refresh. "On-the-fly" syntax checking information may be incorrect. [D:\bi ging ghi li\CNN_AGAiN\CNN_AGAiN.srcs\sources_1\imports\new\ofm_pingpong_bank.sv:]
WARNING: [filemgmt 56-199] Attempt to get parsing info during refresh. "On-the-fly" syntax checking information may be incorrect. [D:\bi ging ghi li\CNN_AGAiN\CNN_AGAiN.srcs\sources_1\imports\new\bias_scale_bank.sv:]
WARNING: [filemgmt 56-199] Attempt to get parsing info during refresh. "On-the-fly" syntax checking information may be incorrect. [D:\bi ging ghi li\CNN_AGAiN\CNN_AGAiN.srcs\sources_1\imports\new\cnn1D_core_top.sv:]
WARNING: [filemgmt 56-199] Attempt to get parsing info during refresh. "On-the-fly" syntax checking information may be incorrect. [D:\bi ging ghi li\CNN_AGAiN\CNN_AGAiN.srcs\sources_1\imports\new\weight_sram_bank.sv:]
WARNING: [filemgmt 56-199] Attempt to get parsing info during refresh. "On-the-fly" syntax checking information may be incorrect. [D:\bi ging ghi li\CNN_AGAiN\CNN_AGAiN.srcs\sources_1\imports\new\ifm_addr_gen.sv:]
WARNING: [filemgmt 56-199] Attempt to get parsing info during refresh. "On-the-fly" syntax checking information may be incorrect. [D:\bi ging ghi li\CNN_AGAiN\CNN_AGAiN.srcs\sources_1\imports\new\ifm_addr_gen.sv:]
ERROR: [Common 17-180] Spawn failed: No error
WARNING: [filemgmt 56-199] Attempt to get parsing info during refresh. "On-the-fly" syntax checking information may be incorrect. [D:\bi ging ghi li\CNN_AGAiN\CNN_AGAiN.srcs\sources_1\new\tdp_bram_1clk.sv:]
WARNING: [filemgmt 56-199] Attempt to get parsing info during refresh. "On-the-fly" syntax checking information may be incorrect. [D:\bi ging ghi li\CNN_AGAiN\CNN_AGAiN.srcs\sources_1\imports\new\ifm_addr_gen.sv:]
WARNING: [filemgmt 56-199] Attempt to get parsing info during refresh. "On-the-fly" syntax checking information may be incorrect. [D:\bi ging ghi li\CNN_AGAiN\CNN_AGAiN.srcs\sources_1\imports\new\ifm_pingpong_bank.sv:]
WARNING: [filemgmt 56-199] Attempt to get parsing info during refresh. "On-the-fly" syntax checking information may be incorrect. [D:\bi ging ghi li\CNN_AGAiN\CNN_AGAiN.srcs\sources_1\imports\new\ofm_pingpong_bank.sv:]
WARNING: [filemgmt 56-199] Attempt to get parsing info during refresh. "On-the-fly" syntax checking information may be incorrect. [D:\bi ging ghi li\CNN_AGAiN\CNN_AGAiN.srcs\sources_1\imports\new\bias_scale_bank.sv:]
WARNING: [filemgmt 56-199] Attempt to get parsing info during refresh. "On-the-fly" syntax checking information may be incorrect. [D:\bi ging ghi li\CNN_AGAiN\CNN_AGAiN.srcs\sources_1\imports\new\cnn1D_core_top.sv:]
WARNING: [filemgmt 56-199] Attempt to get parsing info during refresh. "On-the-fly" syntax checking information may be incorrect. [D:\bi ging ghi li\CNN_AGAiN\CNN_AGAiN.srcs\sources_1\imports\new\weight_sram_bank.sv:]
WARNING: [filemgmt 56-199] Attempt to get parsing info during refresh. "On-the-fly" syntax checking information may be incorrect. [D:\bi ging ghi li\CNN_AGAiN\CNN_AGAiN.srcs\sources_1\imports\new\ofm_pingpong_bank.sv:]
WARNING: [filemgmt 56-199] Attempt to get parsing info during refresh. "On-the-fly" syntax checking information may be incorrect. [D:\bi ging ghi li\CNN_AGAiN\CNN_AGAiN.srcs\sources_1\imports\new\ofm_pingpong_bank.sv:]
reset_run synth_1
launch_runs synth_1
WARNING: [HDL 9-3756] overwriting previous definition of module 'requantize' [D:/bi ging ghi li/CNN_AGAiN/CNN_AGAiN.srcs/sources_1/imports/new/requanitize.sv:3]
WARNING: [filemgmt 20-1318] Duplicate Design Unit 'requantize()' found in library 'xil_defaultlib'
Duplicate found at line 3 of file D:/bi ging ghi li/CNN_AGAiN/CNN_AGAiN.srcs/sources_1/imports/new/quanitize.sv
	(Active) Duplicate found at line 3 of file D:/bi ging ghi li/CNN_AGAiN/CNN_AGAiN.srcs/sources_1/imports/new/requanitize.sv
WARNING: [Vivado 12-7122] Auto Incremental Compile:: No reference checkpoint was found in run synth_1. Auto-incremental flow will not be run, the standard flow will be run instead.
[Thu Apr 30 13:56:15 2026] Launched synth_1...
Run output will be captured here: D:/bi ging ghi li/CNN_AGAiN/CNN_AGAiN.runs/synth_1/runme.log
launch_runs impl_1
[Thu Apr 30 13:59:31 2026] Launched impl_1...
Run output will be captured here: D:/bi ging ghi li/CNN_AGAiN/CNN_AGAiN.runs/impl_1/runme.log
WARNING: [filemgmt 56-199] Attempt to get parsing info during refresh. "On-the-fly" syntax checking information may be incorrect. [D:\bi ging ghi li\CNN_AGAiN\CNN_AGAiN.srcs\sources_1\new\tdp_bram_1clk.sv:]
INFO: [Common 17-14] Message 'filemgmt 56-199' appears 100 times and further instances of the messages will be disabled. Use the Tcl command set_msg_config to change the current settings.
WARNING: [filemgmt 56-199] Attempt to get parsing info during refresh. "On-the-fly" syntax checking information may be incorrect. [D:\bi ging ghi li\CNN_AGAiN\CNN_AGAiN.srcs\sources_1\new\tdp_bram_1clk.sv:]
WARNING: [filemgmt 56-199] Attempt to get parsing info during refresh. "On-the-fly" syntax checking information may be incorrect. [D:\bi ging ghi li\CNN_AGAiN\CNN_AGAiN.srcs\sources_1\imports\new\ifm_addr_gen.sv:]
WARNING: [filemgmt 56-199] Attempt to get parsing info during refresh. "On-the-fly" syntax checking information may be incorrect. [D:\bi ging ghi li\CNN_AGAiN\CNN_AGAiN.srcs\sources_1\imports\new\ifm_pingpong_bank.sv:]
WARNING: [filemgmt 56-199] Attempt to get parsing info during refresh. "On-the-fly" syntax checking information may be incorrect. [D:\bi ging ghi li\CNN_AGAiN\CNN_AGAiN.srcs\sources_1\imports\new\ofm_pingpong_bank.sv:]
WARNING: [filemgmt 56-199] Attempt to get parsing info during refresh. "On-the-fly" syntax checking information may be incorrect. [D:\bi ging ghi li\CNN_AGAiN\CNN_AGAiN.srcs\sources_1\imports\new\bias_scale_bank.sv:]
WARNING: [filemgmt 56-199] Attempt to get parsing info during refresh. "On-the-fly" syntax checking information may be incorrect. [D:\bi ging ghi li\CNN_AGAiN\CNN_AGAiN.srcs\sources_1\imports\new\cnn1D_core_top.sv:]
WARNING: [filemgmt 56-199] Attempt to get parsing info during refresh. "On-the-fly" syntax checking information may be incorrect. [D:\bi ging ghi li\CNN_AGAiN\CNN_AGAiN.srcs\sources_1\imports\new\weight_sram_bank.sv:]
WARNING: [filemgmt 56-199] Attempt to get parsing info during refresh. "On-the-fly" syntax checking information may be incorrect. [D:\bi ging ghi li\CNN_AGAiN\CNN_AGAiN.srcs\sources_1\imports\new\cnn1D_core_top.sv:]
WARNING: [filemgmt 56-199] Attempt to get parsing info during refresh. "On-the-fly" syntax checking information may be incorrect. [D:\bi ging ghi li\CNN_AGAiN\CNN_AGAiN.srcs\sources_1\imports\new\cnn1D_core_top.sv:]
WARNING: [filemgmt 56-199] Attempt to get parsing info during refresh. "On-the-fly" syntax checking information may be incorrect. [D:\bi ging ghi li\CNN_AGAiN\CNN_AGAiN.srcs\sources_1\new\tdp_bram_1clk.sv:]
WARNING: [filemgmt 56-199] Attempt to get parsing info during refresh. "On-the-fly" syntax checking information may be incorrect. [D:\bi ging ghi li\CNN_AGAiN\CNN_AGAiN.srcs\sources_1\imports\new\ifm_addr_gen.sv:]
WARNING: [filemgmt 56-199] Attempt to get parsing info during refresh. "On-the-fly" syntax checking information may be incorrect. [D:\bi ging ghi li\CNN_AGAiN\CNN_AGAiN.srcs\sources_1\imports\new\ifm_pingpong_bank.sv:]
WARNING: [filemgmt 56-199] Attempt to get parsing info during refresh. "On-the-fly" syntax checking information may be incorrect. [D:\bi ging ghi li\CNN_AGAiN\CNN_AGAiN.srcs\sources_1\imports\new\ofm_pingpong_bank.sv:]
WARNING: [filemgmt 56-199] Attempt to get parsing info during refresh. "On-the-fly" syntax checking information may be incorrect. [D:\bi ging ghi li\CNN_AGAiN\CNN_AGAiN.srcs\sources_1\imports\new\bias_scale_bank.sv:]
WARNING: [filemgmt 56-199] Attempt to get parsing info during refresh. "On-the-fly" syntax checking information may be incorrect. [D:\bi ging ghi li\CNN_AGAiN\CNN_AGAiN.srcs\sources_1\imports\new\cnn1D_core_top.sv:]
WARNING: [filemgmt 56-199] Attempt to get parsing info during refresh. "On-the-fly" syntax checking information may be incorrect. [D:\bi ging ghi li\CNN_AGAiN\CNN_AGAiN.srcs\sources_1\imports\new\weight_sram_bank.sv:]
WARNING: [filemgmt 56-199] Attempt to get parsing info during refresh. "On-the-fly" syntax checking information may be incorrect. [D:\bi ging ghi li\CNN_AGAiN\CNN_AGAiN.srcs\sources_1\imports\new\ifm_addr_gen.sv:]
WARNING: [filemgmt 56-199] Attempt to get parsing info during refresh. "On-the-fly" syntax checking information may be incorrect. [D:\bi ging ghi li\CNN_AGAiN\CNN_AGAiN.srcs\sources_1\imports\new\ifm_addr_gen.sv:]
WARNING: [filemgmt 56-199] Attempt to get parsing info during refresh. "On-the-fly" syntax checking information may be incorrect. [D:\bi ging ghi li\CNN_AGAiN\CNN_AGAiN.srcs\sources_1\new\tdp_bram_1clk.sv:]
WARNING: [filemgmt 56-199] Attempt to get parsing info during refresh. "On-the-fly" syntax checking information may be incorrect. [D:\bi ging ghi li\CNN_AGAiN\CNN_AGAiN.srcs\sources_1\imports\new\ifm_addr_gen.sv:]
WARNING: [filemgmt 56-199] Attempt to get parsing info during refresh. "On-the-fly" syntax checking information may be incorrect. [D:\bi ging ghi li\CNN_AGAiN\CNN_AGAiN.srcs\sources_1\imports\new\ifm_pingpong_bank.sv:]
WARNING: [filemgmt 56-199] Attempt to get parsing info during refresh. "On-the-fly" syntax checking information may be incorrect. [D:\bi ging ghi li\CNN_AGAiN\CNN_AGAiN.srcs\sources_1\imports\new\ofm_pingpong_bank.sv:]
WARNING: [filemgmt 56-199] Attempt to get parsing info during refresh. "On-the-fly" syntax checking information may be incorrect. [D:\bi ging ghi li\CNN_AGAiN\CNN_AGAiN.srcs\sources_1\imports\new\bias_scale_bank.sv:]
WARNING: [filemgmt 56-199] Attempt to get parsing info during refresh. "On-the-fly" syntax checking information may be incorrect. [D:\bi ging ghi li\CNN_AGAiN\CNN_AGAiN.srcs\sources_1\imports\new\cnn1D_core_top.sv:]
WARNING: [filemgmt 56-199] Attempt to get parsing info during refresh. "On-the-fly" syntax checking information may be incorrect. [D:\bi ging ghi li\CNN_AGAiN\CNN_AGAiN.srcs\sources_1\imports\new\weight_sram_bank.sv:]
WARNING: [filemgmt 56-199] Attempt to get parsing info during refresh. "On-the-fly" syntax checking information may be incorrect. [D:\bi ging ghi li\CNN_AGAiN\CNN_AGAiN.srcs\sources_1\imports\new\bias_scale_bank.sv:]
WARNING: [filemgmt 56-199] Attempt to get parsing info during refresh. "On-the-fly" syntax checking information may be incorrect. [D:\bi ging ghi li\CNN_AGAiN\CNN_AGAiN.srcs\sources_1\imports\new\bias_scale_bank.sv:]
ERROR: [Common 17-180] Spawn failed: No error
reset_run impl_1
launch_runs impl_1
[Thu Apr 30 14:06:27 2026] Launched impl_1...
Run output will be captured here: D:/bi ging ghi li/CNN_AGAiN/CNN_AGAiN.runs/impl_1/runme.log
exit
INFO: [Common 17-206] Exiting Vivado at Thu Apr 30 14:17:37 2026...
