Copyright 1986-2022 Xilinx, Inc. All Rights Reserved. Copyright 2022-2024 Advanced Micro Devices, Inc. All Rights Reserved.
---------------------------------------------------------------------------------------------------------------------------------------------
| Tool Version : Vivado v.2024.2 (win64) Build 5239630 Fri Nov 08 22:35:27 MST 2024
| Date         : Thu Apr 30 14:09:50 2026
| Host         : WIN-PRO running 64-bit major release  (build 9200)
| Command      : report_control_sets -verbose -file cnn1d_core_top_control_sets_placed.rpt
| Design       : cnn1d_core_top
| Device       : xc7vx485t
---------------------------------------------------------------------------------------------------------------------------------------------

Control Set Information

Table of Contents
-----------------
1. Summary
2. Histogram
3. Flip-Flop Distribution
4. Detailed Control Set Information

1. Summary
----------

+----------------------------------------------------------+-------+
|                          Status                          | Count |
+----------------------------------------------------------+-------+
| Total control sets                                       |     9 |
|    Minimum number of control sets                        |     9 |
|    Addition due to synthesis replication                 |     0 |
|    Addition due to physical synthesis replication        |     0 |
| Unused register locations in slices containing registers |    15 |
+----------------------------------------------------------+-------+
* Control sets can be merged at opt_design using control_set_merge or merge_equivalent_drivers
** Run report_qor_suggestions for automated merging and remapping suggestions


2. Histogram
------------

+--------------------+-------+
|       Fanout       | Count |
+--------------------+-------+
| Total control sets |     9 |
| >= 0 to < 4        |     0 |
| >= 4 to < 6        |     1 |
| >= 6 to < 8        |     0 |
| >= 8 to < 10       |     2 |
| >= 10 to < 12      |     1 |
| >= 12 to < 14      |     0 |
| >= 14 to < 16      |     0 |
| >= 16              |     5 |
+--------------------+-------+
* Control sets can be remapped at either synth_design or opt_design


3. Flip-Flop Distribution
-------------------------

+--------------+-----------------------+------------------------+-----------------+--------------+
| Clock Enable | Synchronous Set/Reset | Asynchronous Set/Reset | Total Registers | Total Slices |
+--------------+-----------------------+------------------------+-----------------+--------------+
| No           | No                    | No                     |               0 |            0 |
| No           | No                    | Yes                    |               5 |            5 |
| No           | Yes                   | No                     |               0 |            0 |
| Yes          | No                    | No                     |               0 |            0 |
| Yes          | No                    | Yes                    |             252 |          100 |
| Yes          | Yes                   | No                     |               0 |            0 |
+--------------+-----------------------+------------------------+-----------------+--------------+


4. Detailed Control Set Information
-----------------------------------

+----------------+----------------------------------------------+-------------------------+------------------+----------------+--------------+
|  Clock Signal  |                 Enable Signal                |     Set/Reset Signal    | Slice Load Count | Bel Load Count | Bels / Slice |
+----------------+----------------------------------------------+-------------------------+------------------+----------------+--------------+
|  clk_IBUF_BUFG |                                              | u_layer_desc_regs/rst_n |                5 |              5 |         1.00 |
|  clk_IBUF_BUFG | u_controller/FSM_onehot_state_q_reg[10]_0[5] | u_layer_desc_regs/rst_n |                3 |              8 |         2.67 |
|  clk_IBUF_BUFG | u_controller/k_q[7]_i_1_n_0                  | u_layer_desc_regs/rst_n |                4 |              8 |         2.00 |
|  clk_IBUF_BUFG | u_controller/FSM_onehot_state_q[10]_i_1_n_0  | u_layer_desc_regs/rst_n |                6 |             11 |         1.83 |
|  clk_IBUF_BUFG | u_controller/oc_q[0]_i_1_n_0                 | u_layer_desc_regs/rst_n |                4 |             16 |         4.00 |
|  clk_IBUF_BUFG | u_controller/t_q[15]_i_1_n_0                 | u_layer_desc_regs/rst_n |                3 |             16 |         5.33 |
|  clk_IBUF_BUFG | u_controller/ic_q[15]_i_1_n_0                | u_layer_desc_regs/rst_n |                8 |             16 |         2.00 |
|  clk_IBUF_BUFG | u_controller/E[0]                            | u_layer_desc_regs/rst_n |               12 |             32 |         2.67 |
|  clk_IBUF_BUFG | desc_we_i_IBUF                               | u_layer_desc_regs/rst_n |               60 |            145 |         2.42 |
+----------------+----------------------------------------------+-------------------------+------------------+----------------+--------------+


